<?xml version="1.0" encoding="UTF-8"?>
<robot generator="Robot 6.0.1 (Python 3.11.1 on win32)" generated="20221214 16:53:28.326" rpa="false" schemaversion="3">
<suite id="s1" name="UI-Automation-Robot-framework" source="C:\UI-Automation-Robot-framework">
<suite id="s1-s1" name="Tests" source="C:\UI-Automation-Robot-framework\tests">
<suite id="s1-s1-s1" name="Test-01" source="C:\UI-Automation-Robot-framework\tests\Test-01.robot">
<test id="s1-s1-s1-t1" name="Validate Unsucessful Login" line="9">
<kw name="open the browser with the Mortage payment url">
<kw name="Create Webdriver" library="SeleniumLibrary">
<arg>Chrome</arg>
<arg>executable_path=../Drivers/chromedriver</arg>
<doc>Creates an instance of Selenium WebDriver.</doc>
<msg timestamp="20221214 16:53:28.514" level="INFO">Creating an instance of the Chrome WebDriver.</msg>
<status status="PASS" starttime="20221214 16:53:28.514" endtime="20221214 16:53:29.700"/>
</kw>
<kw name="Go To" library="SeleniumLibrary">
<arg>https://rahulshettyacademy.com/loginpagePractise/</arg>
<doc>Navigates the current browser window to the provided ``url``.</doc>
<msg timestamp="20221214 16:53:29.700" level="INFO">Opening url 'https://rahulshettyacademy.com/loginpagePractise/'</msg>
<status status="PASS" starttime="20221214 16:53:29.700" endtime="20221214 16:53:30.240"/>
</kw>
<status status="PASS" starttime="20221214 16:53:28.514" endtime="20221214 16:53:30.240"/>
</kw>
<kw name="Fill the login Form">
<kw name="Input Text" library="SeleniumLibrary">
<arg>id:username</arg>
<arg>rahulshettyacademy</arg>
<doc>Types the given ``text`` into the text field identified by ``locator``.</doc>
<msg timestamp="20221214 16:53:30.242" level="INFO">Typing text 'rahulshettyacademy' into text field 'id:username'.</msg>
<status status="PASS" starttime="20221214 16:53:30.241" endtime="20221214 16:53:30.362"/>
</kw>
<kw name="Input Password" library="SeleniumLibrary">
<arg>id:password</arg>
<arg>125643</arg>
<doc>Types the given password into the text field identified by ``locator``.</doc>
<msg timestamp="20221214 16:53:30.363" level="INFO">Typing password into text field 'id:password'.</msg>
<msg timestamp="20221214 16:53:30.401" level="INFO">Temporally setting log level to: NONE</msg>
<msg timestamp="20221214 16:53:30.435" level="INFO">Log level changed from NONE to INFO.</msg>
<status status="PASS" starttime="20221214 16:53:30.362" endtime="20221214 16:53:30.435"/>
</kw>
<kw name="Click Button" library="SeleniumLibrary">
<arg>signInBtn</arg>
<doc>Clicks the button identified by ``locator``.</doc>
<msg timestamp="20221214 16:53:30.436" level="INFO">Clicking button 'signInBtn'.</msg>
<status status="PASS" starttime="20221214 16:53:30.435" endtime="20221214 16:53:30.478"/>
</kw>
<kw name="Set Selenium Implicit Wait" library="SeleniumLibrary">
<arg>200</arg>
<doc>Sets the implicit wait value used by Selenium.</doc>
<status status="PASS" starttime="20221214 16:53:30.478" endtime="20221214 16:53:30.479"/>
</kw>
<status status="PASS" starttime="20221214 16:53:30.241" endtime="20221214 16:53:30.479"/>
</kw>
<kw name="wait until it checks and display error message">
<kw name="Wait Until Element Is Visible" library="SeleniumLibrary">
<arg>${error_message_login}</arg>
<doc>Waits until the element ``locator`` is visible.</doc>
<status status="PASS" starttime="20221214 16:53:30.480" endtime="20221214 16:53:32.495"/>
</kw>
<status status="PASS" starttime="20221214 16:53:30.480" endtime="20221214 16:53:32.495"/>
</kw>
<kw name="verify error message is correct">
<kw name="Element Text Should Be" library="SeleniumLibrary">
<arg>${error_message_login}</arg>
<arg>Incorrect username/password.</arg>
<doc>Verifies that element ``locator`` contains exact the text ``expected``.</doc>
<msg timestamp="20221214 16:53:32.497" level="INFO">Verifying element 'css:.alert-danger' contains exact text 'Incorrect username/password.'.</msg>
<status status="PASS" starttime="20221214 16:53:32.496" endtime="20221214 16:53:32.520"/>
</kw>
<status status="PASS" starttime="20221214 16:53:32.495" endtime="20221214 16:53:32.520"/>
</kw>
<kw name="Close Browser" library="SeleniumLibrary" type="TEARDOWN">
<doc>Closes the current browser.</doc>
<status status="PASS" starttime="20221214 16:53:32.521" endtime="20221214 16:53:35.357"/>
</kw>
<status status="PASS" starttime="20221214 16:53:28.513" endtime="20221214 16:53:35.358"/>
</test>
<doc>To validate the login form</doc>
<status status="PASS" starttime="20221214 16:53:28.348" endtime="20221214 16:53:35.361"/>
</suite>
<suite id="s1-s1-s2" name="Test-02" source="C:\UI-Automation-Robot-framework\tests\Test-02.robot">
<test id="s1-s1-s2-t1" name="Validate Unsucessful Login" line="14">
<kw name="open the browser with the Mortage payment url" library="resource" type="SETUP">
<kw name="Create Webdriver" library="SeleniumLibrary">
<arg>Chrome</arg>
<arg>executable_path=../Drivers/chromedriver</arg>
<doc>Creates an instance of Selenium WebDriver.</doc>
<msg timestamp="20221214 16:53:35.374" level="INFO">Creating an instance of the Chrome WebDriver.</msg>
<status status="PASS" starttime="20221214 16:53:35.373" endtime="20221214 16:53:36.522"/>
</kw>
<kw name="Go To" library="SeleniumLibrary">
<arg>${url}</arg>
<doc>Navigates the current browser window to the provided ``url``.</doc>
<msg timestamp="20221214 16:53:36.523" level="INFO">Opening url 'https://rahulshettyacademy.com/loginpagePractise/'</msg>
<status status="PASS" starttime="20221214 16:53:36.522" endtime="20221214 16:53:37.008"/>
</kw>
<status status="PASS" starttime="20221214 16:53:35.373" endtime="20221214 16:53:37.008"/>
</kw>
<kw name="Fill the login Form">
<arg>${username}</arg>
<arg>${invalidpassword}</arg>
<kw name="Input Text" library="SeleniumLibrary">
<arg>id:username</arg>
<arg>${username}</arg>
<doc>Types the given ``text`` into the text field identified by ``locator``.</doc>
<msg timestamp="20221214 16:53:37.010" level="INFO">Typing text 'rahulshettyacademy' into text field 'id:username'.</msg>
<status status="PASS" starttime="20221214 16:53:37.009" endtime="20221214 16:53:37.103"/>
</kw>
<kw name="Input Password" library="SeleniumLibrary">
<arg>id:password</arg>
<arg>${password}</arg>
<doc>Types the given password into the text field identified by ``locator``.</doc>
<msg timestamp="20221214 16:53:37.104" level="INFO">Typing password into text field 'id:password'.</msg>
<msg timestamp="20221214 16:53:37.143" level="INFO">Temporally setting log level to: NONE</msg>
<msg timestamp="20221214 16:53:37.183" level="INFO">Log level changed from NONE to INFO.</msg>
<status status="PASS" starttime="20221214 16:53:37.103" endtime="20221214 16:53:37.183"/>
</kw>
<kw name="Click Button" library="SeleniumLibrary">
<arg>signInBtn</arg>
<doc>Clicks the button identified by ``locator``.</doc>
<msg timestamp="20221214 16:53:37.184" level="INFO">Clicking button 'signInBtn'.</msg>
<status status="PASS" starttime="20221214 16:53:37.184" endtime="20221214 16:53:37.231"/>
</kw>
<kw name="Set Selenium Implicit Wait" library="SeleniumLibrary">
<arg>200</arg>
<doc>Sets the implicit wait value used by Selenium.</doc>
<status status="PASS" starttime="20221214 16:53:37.231" endtime="20221214 16:53:37.231"/>
</kw>
<status status="PASS" starttime="20221214 16:53:37.009" endtime="20221214 16:53:37.231"/>
</kw>
<kw name="wait untill Element is located in the page">
<arg>${error_message_login}</arg>
<kw name="Wait Until Element Is Visible" library="SeleniumLibrary">
<arg>${element}</arg>
<doc>Waits until the element ``locator`` is visible.</doc>
<status status="PASS" starttime="20221214 16:53:37.232" endtime="20221214 16:53:39.254"/>
</kw>
<status status="PASS" starttime="20221214 16:53:37.232" endtime="20221214 16:53:39.255"/>
</kw>
<kw name="verify error message is correct">
<kw name="Element Text Should Be" library="SeleniumLibrary">
<arg>${error_message_login}</arg>
<arg>Incorrect username/password.</arg>
<doc>Verifies that element ``locator`` contains exact the text ``expected``.</doc>
<msg timestamp="20221214 16:53:39.256" level="INFO">Verifying element 'css:.alert-danger' contains exact text 'Incorrect username/password.'.</msg>
<status status="PASS" starttime="20221214 16:53:39.255" endtime="20221214 16:53:39.280"/>
</kw>
<status status="PASS" starttime="20221214 16:53:39.255" endtime="20221214 16:53:39.280"/>
</kw>
<kw name="Close Browser Session" library="resource" type="TEARDOWN">
<kw name="Close Browser" library="SeleniumLibrary">
<doc>Closes the current browser.</doc>
<status status="PASS" starttime="20221214 16:53:39.281" endtime="20221214 16:53:42.088"/>
</kw>
<status status="PASS" starttime="20221214 16:53:39.281" endtime="20221214 16:53:42.088"/>
</kw>
<status status="PASS" starttime="20221214 16:53:35.373" endtime="20221214 16:53:42.090"/>
</test>
<test id="s1-s1-s2-t2" name="Validate Cards display in the Shopping page" line="20">
<kw name="open the browser with the Mortage payment url" library="resource" type="SETUP">
<kw name="Create Webdriver" library="SeleniumLibrary">
<arg>Chrome</arg>
<arg>executable_path=../Drivers/chromedriver</arg>
<doc>Creates an instance of Selenium WebDriver.</doc>
<msg timestamp="20221214 16:53:42.095" level="INFO">Creating an instance of the Chrome WebDriver.</msg>
<status status="PASS" starttime="20221214 16:53:42.094" endtime="20221214 16:53:43.273"/>
</kw>
<kw name="Go To" library="SeleniumLibrary">
<arg>${url}</arg>
<doc>Navigates the current browser window to the provided ``url``.</doc>
<msg timestamp="20221214 16:53:43.273" level="INFO">Opening url 'https://rahulshettyacademy.com/loginpagePractise/'</msg>
<status status="PASS" starttime="20221214 16:53:43.273" endtime="20221214 16:53:43.738"/>
</kw>
<status status="PASS" starttime="20221214 16:53:42.094" endtime="20221214 16:53:43.738"/>
</kw>
<kw name="Fill the login Form">
<arg>${username}</arg>
<arg>${validpassword}</arg>
<kw name="Input Text" library="SeleniumLibrary">
<arg>id:username</arg>
<arg>${username}</arg>
<doc>Types the given ``text`` into the text field identified by ``locator``.</doc>
<msg timestamp="20221214 16:53:43.740" level="INFO">Typing text 'rahulshettyacademy' into text field 'id:username'.</msg>
<status status="PASS" starttime="20221214 16:53:43.739" endtime="20221214 16:53:43.829"/>
</kw>
<kw name="Input Password" library="SeleniumLibrary">
<arg>id:password</arg>
<arg>${password}</arg>
<doc>Types the given password into the text field identified by ``locator``.</doc>
<msg timestamp="20221214 16:53:43.830" level="INFO">Typing password into text field 'id:password'.</msg>
<msg timestamp="20221214 16:53:43.869" level="INFO">Temporally setting log level to: NONE</msg>
<msg timestamp="20221214 16:53:43.908" level="INFO">Log level changed from NONE to INFO.</msg>
<status status="PASS" starttime="20221214 16:53:43.829" endtime="20221214 16:53:43.908"/>
</kw>
<kw name="Click Button" library="SeleniumLibrary">
<arg>signInBtn</arg>
<doc>Clicks the button identified by ``locator``.</doc>
<msg timestamp="20221214 16:53:43.909" level="INFO">Clicking button 'signInBtn'.</msg>
<status status="PASS" starttime="20221214 16:53:43.908" endtime="20221214 16:53:43.954"/>
</kw>
<kw name="Set Selenium Implicit Wait" library="SeleniumLibrary">
<arg>200</arg>
<doc>Sets the implicit wait value used by Selenium.</doc>
<status status="PASS" starttime="20221214 16:53:43.954" endtime="20221214 16:53:43.956"/>
</kw>
<status status="PASS" starttime="20221214 16:53:43.739" endtime="20221214 16:53:43.956"/>
</kw>
<kw name="wait untill Element is located in the page">
<arg>${shop_page_load}</arg>
<kw name="Wait Until Element Is Visible" library="SeleniumLibrary">
<arg>${element}</arg>
<doc>Waits until the element ``locator`` is visible.</doc>
<status status="PASS" starttime="20221214 16:53:43.956" endtime="20221214 16:53:47.390"/>
</kw>
<status status="PASS" starttime="20221214 16:53:43.956" endtime="20221214 16:53:47.390"/>
</kw>
<kw name="Verify card titles in the shop page">
<kw name="Create List" library="BuiltIn">
<var>@{expectedList}</var>
<arg>iphone X</arg>
<arg>Samsung Note 8</arg>
<arg>Nokia Edge</arg>
<arg>Blackberry</arg>
<doc>Returns a list containing given items.</doc>
<msg timestamp="20221214 16:53:47.391" level="INFO">@{expectedList} = [ iphone X | Samsung Note 8 | Nokia Edge | Blackberry ]</msg>
<status status="PASS" starttime="20221214 16:53:47.391" endtime="20221214 16:53:47.391"/>
</kw>
<kw name="Get WebElements" library="SeleniumLibrary">
<var>${elements}</var>
<arg>${mobilePhone}</arg>
<doc>Returns a list of WebElement objects matching the ``locator``.</doc>
<msg timestamp="20221214 16:53:47.403" level="INFO">${elements} = [&lt;selenium.webdriver.remote.webelement.WebElement (session="5fb5033ca759f2aff32607addcbb984a", element="0cc31964-1a4f-4ab4-af73-a2d18c781f76")&gt;, &lt;selenium.webdriver.remote.webelement.WebElement (sessi...</msg>
<status status="PASS" starttime="20221214 16:53:47.391" endtime="20221214 16:53:47.403"/>
</kw>
<kw name="Create List" library="BuiltIn">
<var>@{actualList}</var>
<doc>Returns a list containing given items.</doc>
<msg timestamp="20221214 16:53:47.403" level="INFO">@{actualList} = [ ]</msg>
<status status="PASS" starttime="20221214 16:53:47.403" endtime="20221214 16:53:47.403"/>
</kw>
<for flavor="IN">
<var>${element}</var>
<value>@{elements}</value>
<iter>
<var name="${element}">&lt;selenium.webdriver.remote.webelement.WebElement (session="5fb5033ca759f2aff32607addcbb984a", element="0cc31964-1a4f-4ab4-af73-a2d18c781f76")&gt;</var>
<kw name="Log" library="BuiltIn">
<arg>${element.text}</arg>
<doc>Logs the given message with the given level.</doc>
<msg timestamp="20221214 16:53:47.415" level="INFO">iphone X</msg>
<status status="PASS" starttime="20221214 16:53:47.404" endtime="20221214 16:53:47.415"/>
</kw>
<kw name="Append To List" library="Collections">
<arg>${actualList}</arg>
<arg>${element.text}</arg>
<doc>Adds ``values`` to the end of ``list``.</doc>
<status status="PASS" starttime="20221214 16:53:47.415" endtime="20221214 16:53:47.423"/>
</kw>
<status status="PASS" starttime="20221214 16:53:47.403" endtime="20221214 16:53:47.423"/>
</iter>
<iter>
<var name="${element}">&lt;selenium.webdriver.remote.webelement.WebElement (session="5fb5033ca759f2aff32607addcbb984a", element="a108441d-ed2f-46c7-aacc-7185248e399f")&gt;</var>
<kw name="Log" library="BuiltIn">
<arg>${element.text}</arg>
<doc>Logs the given message with the given level.</doc>
<msg timestamp="20221214 16:53:47.436" level="INFO">Samsung Note 8</msg>
<status status="PASS" starttime="20221214 16:53:47.424" endtime="20221214 16:53:47.437"/>
</kw>
<kw name="Append To List" library="Collections">
<arg>${actualList}</arg>
<arg>${element.text}</arg>
<doc>Adds ``values`` to the end of ``list``.</doc>
<status status="PASS" starttime="20221214 16:53:47.437" endtime="20221214 16:53:47.444"/>
</kw>
<status status="PASS" starttime="20221214 16:53:47.423" endtime="20221214 16:53:47.444"/>
</iter>
<iter>
<var name="${element}">&lt;selenium.webdriver.remote.webelement.WebElement (session="5fb5033ca759f2aff32607addcbb984a", element="ae96b04b-1cac-419c-aa8f-cf2df040f9ed")&gt;</var>
<kw name="Log" library="BuiltIn">
<arg>${element.text}</arg>
<doc>Logs the given message with the given level.</doc>
<msg timestamp="20221214 16:53:47.460" level="INFO">Nokia Edge</msg>
<status status="PASS" starttime="20221214 16:53:47.444" endtime="20221214 16:53:47.460"/>
</kw>
<kw name="Append To List" library="Collections">
<arg>${actualList}</arg>
<arg>${element.text}</arg>
<doc>Adds ``values`` to the end of ``list``.</doc>
<status status="PASS" starttime="20221214 16:53:47.460" endtime="20221214 16:53:47.471"/>
</kw>
<status status="PASS" starttime="20221214 16:53:47.444" endtime="20221214 16:53:47.471"/>
</iter>
<iter>
<var name="${element}">&lt;selenium.webdriver.remote.webelement.WebElement (session="5fb5033ca759f2aff32607addcbb984a", element="a9699216-87c1-42eb-85eb-4f11f6b0b16c")&gt;</var>
<kw name="Log" library="BuiltIn">
<arg>${element.text}</arg>
<doc>Logs the given message with the given level.</doc>
<msg timestamp="20221214 16:53:47.485" level="INFO">Blackberry</msg>
<status status="PASS" starttime="20221214 16:53:47.471" endtime="20221214 16:53:47.485"/>
</kw>
<kw name="Append To List" library="Collections">
<arg>${actualList}</arg>
<arg>${element.text}</arg>
<doc>Adds ``values`` to the end of ``list``.</doc>
<status status="PASS" starttime="20221214 16:53:47.486" endtime="20221214 16:53:47.498"/>
</kw>
<status status="PASS" starttime="20221214 16:53:47.471" endtime="20221214 16:53:47.499"/>
</iter>
<status status="PASS" starttime="20221214 16:53:47.403" endtime="20221214 16:53:47.499"/>
</for>
<kw name="Lists Should Be Equal" library="Collections">
<arg>${actualList}</arg>
<arg>${expectedList}</arg>
<doc>Fails if given lists are unequal.</doc>
<status status="PASS" starttime="20221214 16:53:47.499" endtime="20221214 16:53:47.500"/>
</kw>
<status status="PASS" starttime="20221214 16:53:47.391" endtime="20221214 16:53:47.500"/>
</kw>
<kw name="Select the Card">
<arg>Blackberry</arg>
<kw name="Get WebElements" library="SeleniumLibrary">
<var>${elements}</var>
<arg>${mobilePhone}</arg>
<doc>Returns a list of WebElement objects matching the ``locator``.</doc>
<msg timestamp="20221214 16:53:47.509" level="INFO">${elements} = [&lt;selenium.webdriver.remote.webelement.WebElement (session="5fb5033ca759f2aff32607addcbb984a", element="0cc31964-1a4f-4ab4-af73-a2d18c781f76")&gt;, &lt;selenium.webdriver.remote.webelement.WebElement (sessi...</msg>
<status status="PASS" starttime="20221214 16:53:47.502" endtime="20221214 16:53:47.509"/>
</kw>
<kw name="Set Variable" library="BuiltIn">
<var>${index}</var>
<arg>1</arg>
<doc>Returns the given values which can then be assigned to a variables.</doc>
<msg timestamp="20221214 16:53:47.509" level="INFO">${index} = 1</msg>
<status status="PASS" starttime="20221214 16:53:47.509" endtime="20221214 16:53:47.509"/>
</kw>
<for flavor="IN">
<var>${element}</var>
<value>@{elements}</value>
<iter>
<var name="${element}">&lt;selenium.webdriver.remote.webelement.WebElement (session="5fb5033ca759f2aff32607addcbb984a", element="0cc31964-1a4f-4ab4-af73-a2d18c781f76")&gt;</var>
<kw name="Exit For Loop If" library="BuiltIn">
<arg>'${cardName}'=='${element.text}'</arg>
<doc>Stops executing the enclosing FOR loop if the ``condition`` is true.</doc>
<status status="PASS" starttime="20221214 16:53:47.509" endtime="20221214 16:53:47.519"/>
</kw>
<kw name="Evaluate" library="BuiltIn">
<var>${index}</var>
<arg>${index}+1</arg>
<doc>Evaluates the given expression in Python and returns the result.</doc>
<msg timestamp="20221214 16:53:47.519" level="INFO">${index} = 2</msg>
<status status="PASS" starttime="20221214 16:53:47.519" endtime="20221214 16:53:47.519"/>
</kw>
<status status="PASS" starttime="20221214 16:53:47.509" endtime="20221214 16:53:47.519"/>
</iter>
<iter>
<var name="${element}">&lt;selenium.webdriver.remote.webelement.WebElement (session="5fb5033ca759f2aff32607addcbb984a", element="a108441d-ed2f-46c7-aacc-7185248e399f")&gt;</var>
<kw name="Exit For Loop If" library="BuiltIn">
<arg>'${cardName}'=='${element.text}'</arg>
<doc>Stops executing the enclosing FOR loop if the ``condition`` is true.</doc>
<status status="PASS" starttime="20221214 16:53:47.519" endtime="20221214 16:53:47.527"/>
</kw>
<kw name="Evaluate" library="BuiltIn">
<var>${index}</var>
<arg>${index}+1</arg>
<doc>Evaluates the given expression in Python and returns the result.</doc>
<msg timestamp="20221214 16:53:47.528" level="INFO">${index} = 3</msg>
<status status="PASS" starttime="20221214 16:53:47.527" endtime="20221214 16:53:47.528"/>
</kw>
<status status="PASS" starttime="20221214 16:53:47.519" endtime="20221214 16:53:47.528"/>
</iter>
<iter>
<var name="${element}">&lt;selenium.webdriver.remote.webelement.WebElement (session="5fb5033ca759f2aff32607addcbb984a", element="ae96b04b-1cac-419c-aa8f-cf2df040f9ed")&gt;</var>
<kw name="Exit For Loop If" library="BuiltIn">
<arg>'${cardName}'=='${element.text}'</arg>
<doc>Stops executing the enclosing FOR loop if the ``condition`` is true.</doc>
<status status="PASS" starttime="20221214 16:53:47.528" endtime="20221214 16:53:47.536"/>
</kw>
<kw name="Evaluate" library="BuiltIn">
<var>${index}</var>
<arg>${index}+1</arg>
<doc>Evaluates the given expression in Python and returns the result.</doc>
<msg timestamp="20221214 16:53:47.537" level="INFO">${index} = 4</msg>
<status status="PASS" starttime="20221214 16:53:47.537" endtime="20221214 16:53:47.537"/>
</kw>
<status status="PASS" starttime="20221214 16:53:47.528" endtime="20221214 16:53:47.537"/>
</iter>
<iter>
<var name="${element}">&lt;selenium.webdriver.remote.webelement.WebElement (session="5fb5033ca759f2aff32607addcbb984a", element="a9699216-87c1-42eb-85eb-4f11f6b0b16c")&gt;</var>
<kw name="Exit For Loop If" library="BuiltIn">
<arg>'${cardName}'=='${element.text}'</arg>
<doc>Stops executing the enclosing FOR loop if the ``condition`` is true.</doc>
<msg timestamp="20221214 16:53:47.545" level="INFO">Exiting for loop altogether.</msg>
<status status="PASS" starttime="20221214 16:53:47.537" endtime="20221214 16:53:47.545"/>
</kw>
<kw name="Evaluate" library="BuiltIn">
<var>${index}</var>
<arg>${index}+1</arg>
<doc>Evaluates the given expression in Python and returns the result.</doc>
<status status="NOT RUN" starttime="20221214 16:53:47.545" endtime="20221214 16:53:47.545"/>
</kw>
<status status="PASS" starttime="20221214 16:53:47.537" endtime="20221214 16:53:47.546"/>
</iter>
<status status="PASS" starttime="20221214 16:53:47.509" endtime="20221214 16:53:47.546"/>
</for>
<kw name="Click Button" library="SeleniumLibrary">
<arg>xpath:(//*[@class='card-footer'])[${index}]/button</arg>
<doc>Clicks the button identified by ``locator``.</doc>
<msg timestamp="20221214 16:53:47.546" level="INFO">Clicking button 'xpath:(//*[@class='card-footer'])[4]/button'.</msg>
<status status="PASS" starttime="20221214 16:53:47.546" endtime="20221214 16:53:47.598"/>
</kw>
<status status="PASS" starttime="20221214 16:53:47.501" endtime="20221214 16:53:47.598"/>
</kw>
<kw name="Close Browser Session" library="resource" type="TEARDOWN">
<kw name="Close Browser" library="SeleniumLibrary">
<doc>Closes the current browser.</doc>
<status status="PASS" starttime="20221214 16:53:47.599" endtime="20221214 16:53:49.714"/>
</kw>
<status status="PASS" starttime="20221214 16:53:47.599" endtime="20221214 16:53:49.714"/>
</kw>
<status status="PASS" starttime="20221214 16:53:42.093" endtime="20221214 16:53:49.716"/>
</test>
<test id="s1-s1-s2-t3" name="Fill up a form" line="27">
<kw name="open the browser with the Mortage payment url" library="resource" type="SETUP">
<kw name="Create Webdriver" library="SeleniumLibrary">
<arg>Chrome</arg>
<arg>executable_path=../Drivers/chromedriver</arg>
<doc>Creates an instance of Selenium WebDriver.</doc>
<msg timestamp="20221214 16:53:49.718" level="INFO">Creating an instance of the Chrome WebDriver.</msg>
<status status="PASS" starttime="20221214 16:53:49.718" endtime="20221214 16:53:50.922"/>
</kw>
<kw name="Go To" library="SeleniumLibrary">
<arg>${url}</arg>
<doc>Navigates the current browser window to the provided ``url``.</doc>
<msg timestamp="20221214 16:53:50.923" level="INFO">Opening url 'https://rahulshettyacademy.com/loginpagePractise/'</msg>
<status status="PASS" starttime="20221214 16:53:50.923" endtime="20221214 16:53:51.420"/>
</kw>
<status status="PASS" starttime="20221214 16:53:49.718" endtime="20221214 16:53:51.420"/>
</kw>
<kw name="Fill the login details and select the user option">
<arg>${username}</arg>
<arg>${invalidpassword}</arg>
<kw name="Input Text" library="SeleniumLibrary">
<arg>id:username</arg>
<arg>${username}</arg>
<doc>Types the given ``text`` into the text field identified by ``locator``.</doc>
<msg timestamp="20221214 16:53:51.421" level="INFO">Typing text 'rahulshettyacademy' into text field 'id:username'.</msg>
<status status="PASS" starttime="20221214 16:53:51.421" endtime="20221214 16:53:51.526"/>
</kw>
<kw name="Input Password" library="SeleniumLibrary">
<arg>id:password</arg>
<arg>${password}</arg>
<doc>Types the given password into the text field identified by ``locator``.</doc>
<msg timestamp="20221214 16:53:51.527" level="INFO">Typing password into text field 'id:password'.</msg>
<msg timestamp="20221214 16:53:51.572" level="INFO">Temporally setting log level to: NONE</msg>
<msg timestamp="20221214 16:53:51.607" level="INFO">Log level changed from NONE to INFO.</msg>
<status status="PASS" starttime="20221214 16:53:51.526" endtime="20221214 16:53:51.607"/>
</kw>
<kw name="Click Button" library="SeleniumLibrary">
<arg>css:input[value='user']</arg>
<doc>Clicks the button identified by ``locator``.</doc>
<msg timestamp="20221214 16:53:51.608" level="INFO">Clicking button 'css:input[value='user']'.</msg>
<status status="PASS" starttime="20221214 16:53:51.607" endtime="20221214 16:53:51.657"/>
</kw>
<kw name="Wait Until Element Is Visible" library="SeleniumLibrary">
<arg>css:.modal-body</arg>
<doc>Waits until the element ``locator`` is visible.</doc>
<status status="PASS" starttime="20221214 16:53:51.657" endtime="20221214 16:53:51.897"/>
</kw>
<kw name="Click Button" library="SeleniumLibrary">
<arg>id:okayBtn</arg>
<doc>Clicks the button identified by ``locator``.</doc>
<msg timestamp="20221214 16:53:51.899" level="INFO">Clicking button 'id:okayBtn'.</msg>
<status status="PASS" starttime="20221214 16:53:51.898" endtime="20221214 16:53:51.947"/>
</kw>
<kw name="Click Button" library="SeleniumLibrary">
<arg>id:okayBtn</arg>
<doc>Clicks the button identified by ``locator``.</doc>
<msg timestamp="20221214 16:53:51.949" level="INFO">Clicking button 'id:okayBtn'.</msg>
<status status="PASS" starttime="20221214 16:53:51.948" endtime="20221214 16:53:51.988"/>
</kw>
<kw name="Wait Until Element Is Not Visible" library="SeleniumLibrary">
<arg>css:.modal-body</arg>
<doc>Waits until the element ``locator`` is not visible.</doc>
<status status="PASS" starttime="20221214 16:53:51.988" endtime="20221214 16:53:52.225"/>
</kw>
<kw name="Select From List By Value" library="SeleniumLibrary">
<arg>css:select[class='form-control']</arg>
<arg>teach</arg>
<doc>Selects options from selection list ``locator`` by ``values``.</doc>
<msg timestamp="20221214 16:53:52.226" level="INFO">Selecting options from selection list 'css:select[class='form-control']' by value teach.</msg>
<status status="PASS" starttime="20221214 16:53:52.225" endtime="20221214 16:53:52.287"/>
</kw>
<kw name="Select Checkbox" library="SeleniumLibrary">
<arg>terms</arg>
<doc>Selects the checkbox identified by ``locator``.</doc>
<msg timestamp="20221214 16:53:52.287" level="INFO">Selecting checkbox 'terms'.</msg>
<status status="PASS" starttime="20221214 16:53:52.287" endtime="20221214 16:53:52.341"/>
</kw>
<kw name="Checkbox Should Be Selected" library="SeleniumLibrary">
<arg>terms</arg>
<doc>Verifies checkbox ``locator`` is selected/checked.</doc>
<msg timestamp="20221214 16:53:52.341" level="INFO">Verifying checkbox 'terms' is selected.</msg>
<status status="PASS" starttime="20221214 16:53:52.341" endtime="20221214 16:53:52.353"/>
</kw>
<status status="PASS" starttime="20221214 16:53:51.420" endtime="20221214 16:53:52.353"/>
</kw>
<kw name="Close Browser Session" library="resource" type="TEARDOWN">
<kw name="Close Browser" library="SeleniumLibrary">
<doc>Closes the current browser.</doc>
<status status="PASS" starttime="20221214 16:53:52.354" endtime="20221214 16:53:54.493"/>
</kw>
<status status="PASS" starttime="20221214 16:53:52.354" endtime="20221214 16:53:54.493"/>
</kw>
<status status="PASS" starttime="20221214 16:53:49.717" endtime="20221214 16:53:54.495"/>
</test>
<doc>To validate the login form</doc>
<status status="PASS" starttime="20221214 16:53:35.363" endtime="20221214 16:53:54.498"/>
</suite>
<suite id="s1-s1-s3" name="Test-03" source="C:\UI-Automation-Robot-framework\tests\Test-03.robot">
<test id="s1-s1-s3-t1" name="Validate Child window Functionality" line="13">
<kw name="open the browser with the Mortage payment url" library="resource" type="SETUP">
<kw name="Create Webdriver" library="SeleniumLibrary">
<arg>Chrome</arg>
<arg>executable_path=../Drivers/chromedriver</arg>
<doc>Creates an instance of Selenium WebDriver.</doc>
<msg timestamp="20221214 16:53:54.523" level="INFO">Creating an instance of the Chrome WebDriver.</msg>
<status status="PASS" starttime="20221214 16:53:54.523" endtime="20221214 16:53:55.690"/>
</kw>
<kw name="Go To" library="SeleniumLibrary">
<arg>${url}</arg>
<doc>Navigates the current browser window to the provided ``url``.</doc>
<msg timestamp="20221214 16:53:55.690" level="INFO">Opening url 'https://rahulshettyacademy.com/loginpagePractise/'</msg>
<status status="PASS" starttime="20221214 16:53:55.690" endtime="20221214 16:53:56.174"/>
</kw>
<status status="PASS" starttime="20221214 16:53:54.522" endtime="20221214 16:53:56.174"/>
</kw>
<kw name="Select the link of child window">
<kw name="Click Element" library="SeleniumLibrary">
<arg>css:.blinkingText</arg>
<doc>Click the element identified by ``locator``.</doc>
<msg timestamp="20221214 16:53:56.175" level="INFO">Clicking element 'css:.blinkingText'.</msg>
<status status="PASS" starttime="20221214 16:53:56.175" endtime="20221214 16:53:56.240"/>
</kw>
<kw name="Sleep" library="BuiltIn">
<arg>5</arg>
<doc>Pauses the test executed for the given time.</doc>
<msg timestamp="20221214 16:54:01.240" level="INFO">Slept 5 seconds</msg>
<status status="PASS" starttime="20221214 16:53:56.240" endtime="20221214 16:54:01.240"/>
</kw>
<status status="PASS" starttime="20221214 16:53:56.175" endtime="20221214 16:54:01.240"/>
</kw>
<kw name="Verify that sucessfully navigated child window">
<kw name="Switch Window" library="SeleniumLibrary">
<arg>New</arg>
<doc>Switches to browser window matching ``locator``.</doc>
<status status="PASS" starttime="20221214 16:54:01.241" endtime="20221214 16:54:01.262"/>
</kw>
<kw name="Element Text Should Be" library="SeleniumLibrary">
<arg>css:h1</arg>
<arg>DOCUMENTS REQUEST</arg>
<doc>Verifies that element ``locator`` contains exact the text ``expected``.</doc>
<msg timestamp="20221214 16:54:01.263" level="INFO">Verifying element 'css:h1' contains exact text 'DOCUMENTS REQUEST'.</msg>
<status status="PASS" starttime="20221214 16:54:01.262" endtime="20221214 16:54:01.286"/>
</kw>
<status status="PASS" starttime="20221214 16:54:01.241" endtime="20221214 16:54:01.286"/>
</kw>
<kw name="Grab the Email id">
<kw name="Get Text" library="SeleniumLibrary">
<var>${text}</var>
<arg>css:.red</arg>
<doc>Returns the text value of the element identified by ``locator``.</doc>
<msg timestamp="20221214 16:54:01.307" level="INFO">${text} = Please email us at mentor@rahulshettyacademy.com with below template to receive response</msg>
<status status="PASS" starttime="20221214 16:54:01.287" endtime="20221214 16:54:01.307"/>
</kw>
<kw name="Split String" library="String">
<var>@{words}</var>
<arg>${text}</arg>
<arg>at</arg>
<doc>Splits the ``string`` using ``separator`` as a delimiter string.</doc>
<msg timestamp="20221214 16:54:01.307" level="INFO">@{words} = [ Please email us  |  mentor@rahulshettyacademy.com with below templ | e to receive response ]</msg>
<status status="PASS" starttime="20221214 16:54:01.307" endtime="20221214 16:54:01.307"/>
</kw>
<kw name="Get From List" library="Collections">
<var>${text_split}</var>
<arg>${words}</arg>
<arg>1</arg>
<doc>Returns the value specified with an ``index`` from ``list``.</doc>
<msg timestamp="20221214 16:54:01.308" level="INFO">${text_split} =  mentor@rahulshettyacademy.com with below templ</msg>
<status status="PASS" starttime="20221214 16:54:01.308" endtime="20221214 16:54:01.308"/>
</kw>
<kw name="Log" library="BuiltIn">
<arg>${text_split}</arg>
<doc>Logs the given message with the given level.</doc>
<msg timestamp="20221214 16:54:01.308" level="INFO"> mentor@rahulshettyacademy.com with below templ</msg>
<status status="PASS" starttime="20221214 16:54:01.308" endtime="20221214 16:54:01.308"/>
</kw>
<kw name="Split String" library="String">
<var>@{words_2}</var>
<arg>${text_split}</arg>
<doc>Splits the ``string`` using ``separator`` as a delimiter string.</doc>
<msg timestamp="20221214 16:54:01.308" level="INFO">@{words_2} = [ mentor@rahulshettyacademy.com | with | below | templ ]</msg>
<status status="PASS" starttime="20221214 16:54:01.308" endtime="20221214 16:54:01.308"/>
</kw>
<kw name="Get From List" library="Collections">
<var>${email}</var>
<arg>${words_2}</arg>
<arg>0</arg>
<doc>Returns the value specified with an ``index`` from ``list``.</doc>
<msg timestamp="20221214 16:54:01.308" level="INFO">${email} = mentor@rahulshettyacademy.com</msg>
<status status="PASS" starttime="20221214 16:54:01.308" endtime="20221214 16:54:01.308"/>
</kw>
<kw name="Set Global Variable" library="BuiltIn">
<arg>${email}</arg>
<doc>Makes a variable available globally in all tests and suites.</doc>
<msg timestamp="20221214 16:54:01.308" level="INFO">${email} = mentor@rahulshettyacademy.com</msg>
<status status="PASS" starttime="20221214 16:54:01.308" endtime="20221214 16:54:01.308"/>
</kw>
<status status="PASS" starttime="20221214 16:54:01.287" endtime="20221214 16:54:01.308"/>
</kw>
<kw name="Switch back to parent window">
<kw name="Switch Window" library="SeleniumLibrary">
<arg>Main</arg>
<doc>Switches to browser window matching ``locator``.</doc>
<status status="PASS" starttime="20221214 16:54:01.309" endtime="20221214 16:54:01.324"/>
</kw>
<kw name="Title Should Be" library="SeleniumLibrary">
<arg>LoginPage Practise | Rahul Shetty Academy</arg>
<doc>Verifies that the current page title equals ``title``.</doc>
<msg timestamp="20221214 16:54:01.334" level="INFO">Page title is 'LoginPage Practise | Rahul Shetty Academy'.</msg>
<status status="PASS" starttime="20221214 16:54:01.324" endtime="20221214 16:54:01.334"/>
</kw>
<kw name="Input Text" library="SeleniumLibrary">
<arg>id:username</arg>
<arg>${email}</arg>
<doc>Types the given ``text`` into the text field identified by ``locator``.</doc>
<msg timestamp="20221214 16:54:01.335" level="INFO">Typing text 'mentor@rahulshettyacademy.com' into text field 'id:username'.</msg>
<status status="PASS" starttime="20221214 16:54:01.334" endtime="20221214 16:54:01.430"/>
</kw>
<status status="PASS" starttime="20221214 16:54:01.309" endtime="20221214 16:54:01.430"/>
</kw>
<kw name="Close Browser Session" library="resource" type="TEARDOWN">
<kw name="Close Browser" library="SeleniumLibrary">
<doc>Closes the current browser.</doc>
<status status="PASS" starttime="20221214 16:54:01.431" endtime="20221214 16:54:03.541"/>
</kw>
<status status="PASS" starttime="20221214 16:54:01.431" endtime="20221214 16:54:03.542"/>
</kw>
<status status="PASS" starttime="20221214 16:53:54.522" endtime="20221214 16:54:03.542"/>
</test>
<doc>To validate the login form</doc>
<status status="PASS" starttime="20221214 16:53:54.501" endtime="20221214 16:54:03.545"/>
</suite>
<suite id="s1-s1-s4" name="Test-04" source="C:\UI-Automation-Robot-framework\tests\Test-04.robot">
<test id="s1-s1-s4-t1" name="Invalid username" line="14">
<kw name="Validate UnSuccesful Login">
<arg>dsahed</arg>
<arg>learning</arg>
<kw name="open the browser with the Mortgage payment url">
<kw name="Create Webdriver" library="SeleniumLibrary">
<arg>Chrome</arg>
<arg>executable_path=/Users/rahulshetty/Documents/chromedriver</arg>
<doc>Creates an instance of Selenium WebDriver.</doc>
<msg timestamp="20221214 16:54:03.559" level="INFO">Creating an instance of the Chrome WebDriver.</msg>
<status status="PASS" starttime="20221214 16:54:03.559" endtime="20221214 16:54:04.742"/>
</kw>
<kw name="Go To" library="SeleniumLibrary">
<arg>https://rahulshettyacademy.com/loginpagePractise/</arg>
<doc>Navigates the current browser window to the provided ``url``.</doc>
<msg timestamp="20221214 16:54:04.742" level="INFO">Opening url 'https://rahulshettyacademy.com/loginpagePractise/'</msg>
<status status="PASS" starttime="20221214 16:54:04.742" endtime="20221214 16:54:05.224"/>
</kw>
<status status="PASS" starttime="20221214 16:54:03.558" endtime="20221214 16:54:05.224"/>
</kw>
<kw name="Fill the login Form">
<arg>${username}</arg>
<arg>${password}</arg>
<kw name="Input Text" library="SeleniumLibrary">
<arg>id:username</arg>
<arg>${username}</arg>
<doc>Types the given ``text`` into the text field identified by ``locator``.</doc>
<msg timestamp="20221214 16:54:05.225" level="INFO">Typing text 'dsahed' into text field 'id:username'.</msg>
<status status="PASS" starttime="20221214 16:54:05.225" endtime="20221214 16:54:05.313"/>
</kw>
<kw name="Input Password" library="SeleniumLibrary">
<arg>id:password</arg>
<arg>${password}</arg>
<doc>Types the given password into the text field identified by ``locator``.</doc>
<msg timestamp="20221214 16:54:05.313" level="INFO">Typing password into text field 'id:password'.</msg>
<msg timestamp="20221214 16:54:05.353" level="INFO">Temporally setting log level to: NONE</msg>
<msg timestamp="20221214 16:54:05.393" level="INFO">Log level changed from NONE to INFO.</msg>
<status status="PASS" starttime="20221214 16:54:05.313" endtime="20221214 16:54:05.393"/>
</kw>
<kw name="Click Button" library="SeleniumLibrary">
<arg>signInBtn</arg>
<doc>Clicks the button identified by ``locator``.</doc>
<msg timestamp="20221214 16:54:05.394" level="INFO">Clicking button 'signInBtn'.</msg>
<status status="PASS" starttime="20221214 16:54:05.393" endtime="20221214 16:54:05.438"/>
</kw>
<status status="PASS" starttime="20221214 16:54:05.225" endtime="20221214 16:54:05.438"/>
</kw>
<kw name="wait until it checks and display error message">
<kw name="Wait Until Element Is Visible" library="SeleniumLibrary">
<arg>${Error_Message_Login}</arg>
<doc>Waits until the element ``locator`` is visible.</doc>
<status status="PASS" starttime="20221214 16:54:05.438" endtime="20221214 16:54:07.642"/>
</kw>
<status status="PASS" starttime="20221214 16:54:05.438" endtime="20221214 16:54:07.642"/>
</kw>
<kw name="verify error message is correct">
<kw name="Get Text" library="SeleniumLibrary">
<var>${result}</var>
<arg>${Error_Message_Login}</arg>
<doc>Returns the text value of the element identified by ``locator``.</doc>
<msg timestamp="20221214 16:54:07.661" level="INFO">${result} = Incorrect username/password.</msg>
<status status="PASS" starttime="20221214 16:54:07.642" endtime="20221214 16:54:07.661"/>
</kw>
<kw name="Should Be Equal As Strings" library="BuiltIn">
<arg>${result}</arg>
<arg>Incorrect username/password.</arg>
<doc>Fails if objects are unequal after converting them to strings.</doc>
<status status="PASS" starttime="20221214 16:54:07.661" endtime="20221214 16:54:07.661"/>
</kw>
<kw name="Element Text Should Be" library="SeleniumLibrary">
<arg>${Error_Message_Login}</arg>
<arg>Incorrect username/password.</arg>
<doc>Verifies that element ``locator`` contains exact the text ``expected``.</doc>
<msg timestamp="20221214 16:54:07.661" level="INFO">Verifying element 'css:.alert-danger' contains exact text 'Incorrect username/password.'.</msg>
<status status="PASS" starttime="20221214 16:54:07.661" endtime="20221214 16:54:07.676"/>
</kw>
<status status="PASS" starttime="20221214 16:54:07.642" endtime="20221214 16:54:07.676"/>
</kw>
<status status="PASS" starttime="20221214 16:54:03.558" endtime="20221214 16:54:07.676"/>
</kw>
<kw name="Close Browser" library="SeleniumLibrary" type="TEARDOWN">
<doc>Closes the current browser.</doc>
<status status="PASS" starttime="20221214 16:54:07.677" endtime="20221214 16:54:10.333"/>
</kw>
<status status="PASS" starttime="20221214 16:54:03.557" endtime="20221214 16:54:10.334"/>
</test>
<test id="s1-s1-s4-t2" name="Invalid password" line="15">
<kw name="Validate UnSuccesful Login">
<arg>rahulshetty</arg>
<arg>ploudfg</arg>
<kw name="open the browser with the Mortgage payment url">
<kw name="Create Webdriver" library="SeleniumLibrary">
<arg>Chrome</arg>
<arg>executable_path=/Users/rahulshetty/Documents/chromedriver</arg>
<doc>Creates an instance of Selenium WebDriver.</doc>
<msg timestamp="20221214 16:54:10.337" level="INFO">Creating an instance of the Chrome WebDriver.</msg>
<status status="PASS" starttime="20221214 16:54:10.337" endtime="20221214 16:54:11.491"/>
</kw>
<kw name="Go To" library="SeleniumLibrary">
<arg>https://rahulshettyacademy.com/loginpagePractise/</arg>
<doc>Navigates the current browser window to the provided ``url``.</doc>
<msg timestamp="20221214 16:54:11.491" level="INFO">Opening url 'https://rahulshettyacademy.com/loginpagePractise/'</msg>
<status status="PASS" starttime="20221214 16:54:11.491" endtime="20221214 16:54:11.967"/>
</kw>
<status status="PASS" starttime="20221214 16:54:10.337" endtime="20221214 16:54:11.968"/>
</kw>
<kw name="Fill the login Form">
<arg>${username}</arg>
<arg>${password}</arg>
<kw name="Input Text" library="SeleniumLibrary">
<arg>id:username</arg>
<arg>${username}</arg>
<doc>Types the given ``text`` into the text field identified by ``locator``.</doc>
<msg timestamp="20221214 16:54:11.968" level="INFO">Typing text 'rahulshetty' into text field 'id:username'.</msg>
<status status="PASS" starttime="20221214 16:54:11.968" endtime="20221214 16:54:12.059"/>
</kw>
<kw name="Input Password" library="SeleniumLibrary">
<arg>id:password</arg>
<arg>${password}</arg>
<doc>Types the given password into the text field identified by ``locator``.</doc>
<msg timestamp="20221214 16:54:12.059" level="INFO">Typing password into text field 'id:password'.</msg>
<msg timestamp="20221214 16:54:12.099" level="INFO">Temporally setting log level to: NONE</msg>
<msg timestamp="20221214 16:54:12.136" level="INFO">Log level changed from NONE to INFO.</msg>
<status status="PASS" starttime="20221214 16:54:12.059" endtime="20221214 16:54:12.136"/>
</kw>
<kw name="Click Button" library="SeleniumLibrary">
<arg>signInBtn</arg>
<doc>Clicks the button identified by ``locator``.</doc>
<msg timestamp="20221214 16:54:12.137" level="INFO">Clicking button 'signInBtn'.</msg>
<status status="PASS" starttime="20221214 16:54:12.137" endtime="20221214 16:54:12.191"/>
</kw>
<status status="PASS" starttime="20221214 16:54:11.968" endtime="20221214 16:54:12.191"/>
</kw>
<kw name="wait until it checks and display error message">
<kw name="Wait Until Element Is Visible" library="SeleniumLibrary">
<arg>${Error_Message_Login}</arg>
<doc>Waits until the element ``locator`` is visible.</doc>
<status status="PASS" starttime="20221214 16:54:12.191" endtime="20221214 16:54:14.396"/>
</kw>
<status status="PASS" starttime="20221214 16:54:12.191" endtime="20221214 16:54:14.397"/>
</kw>
<kw name="verify error message is correct">
<kw name="Get Text" library="SeleniumLibrary">
<var>${result}</var>
<arg>${Error_Message_Login}</arg>
<doc>Returns the text value of the element identified by ``locator``.</doc>
<msg timestamp="20221214 16:54:14.416" level="INFO">${result} = Incorrect username/password.</msg>
<status status="PASS" starttime="20221214 16:54:14.397" endtime="20221214 16:54:14.416"/>
</kw>
<kw name="Should Be Equal As Strings" library="BuiltIn">
<arg>${result}</arg>
<arg>Incorrect username/password.</arg>
<doc>Fails if objects are unequal after converting them to strings.</doc>
<status status="PASS" starttime="20221214 16:54:14.417" endtime="20221214 16:54:14.417"/>
</kw>
<kw name="Element Text Should Be" library="SeleniumLibrary">
<arg>${Error_Message_Login}</arg>
<arg>Incorrect username/password.</arg>
<doc>Verifies that element ``locator`` contains exact the text ``expected``.</doc>
<msg timestamp="20221214 16:54:14.417" level="INFO">Verifying element 'css:.alert-danger' contains exact text 'Incorrect username/password.'.</msg>
<status status="PASS" starttime="20221214 16:54:14.417" endtime="20221214 16:54:14.432"/>
</kw>
<status status="PASS" starttime="20221214 16:54:14.397" endtime="20221214 16:54:14.432"/>
</kw>
<status status="PASS" starttime="20221214 16:54:10.336" endtime="20221214 16:54:14.432"/>
</kw>
<kw name="Close Browser" library="SeleniumLibrary" type="TEARDOWN">
<doc>Closes the current browser.</doc>
<status status="PASS" starttime="20221214 16:54:14.433" endtime="20221214 16:54:17.087"/>
</kw>
<status status="PASS" starttime="20221214 16:54:10.336" endtime="20221214 16:54:17.088"/>
</test>
<test id="s1-s1-s4-t3" name="special characters" line="16">
<kw name="Validate UnSuccesful Login">
<arg>@#$</arg>
<arg>learning</arg>
<kw name="open the browser with the Mortgage payment url">
<kw name="Create Webdriver" library="SeleniumLibrary">
<arg>Chrome</arg>
<arg>executable_path=/Users/rahulshetty/Documents/chromedriver</arg>
<doc>Creates an instance of Selenium WebDriver.</doc>
<msg timestamp="20221214 16:54:17.093" level="INFO">Creating an instance of the Chrome WebDriver.</msg>
<status status="PASS" starttime="20221214 16:54:17.092" endtime="20221214 16:54:18.254"/>
</kw>
<kw name="Go To" library="SeleniumLibrary">
<arg>https://rahulshettyacademy.com/loginpagePractise/</arg>
<doc>Navigates the current browser window to the provided ``url``.</doc>
<msg timestamp="20221214 16:54:18.254" level="INFO">Opening url 'https://rahulshettyacademy.com/loginpagePractise/'</msg>
<status status="PASS" starttime="20221214 16:54:18.254" endtime="20221214 16:54:18.725"/>
</kw>
<status status="PASS" starttime="20221214 16:54:17.092" endtime="20221214 16:54:18.725"/>
</kw>
<kw name="Fill the login Form">
<arg>${username}</arg>
<arg>${password}</arg>
<kw name="Input Text" library="SeleniumLibrary">
<arg>id:username</arg>
<arg>${username}</arg>
<doc>Types the given ``text`` into the text field identified by ``locator``.</doc>
<msg timestamp="20221214 16:54:18.726" level="INFO">Typing text '@#$' into text field 'id:username'.</msg>
<status status="PASS" starttime="20221214 16:54:18.726" endtime="20221214 16:54:18.813"/>
</kw>
<kw name="Input Password" library="SeleniumLibrary">
<arg>id:password</arg>
<arg>${password}</arg>
<doc>Types the given password into the text field identified by ``locator``.</doc>
<msg timestamp="20221214 16:54:18.813" level="INFO">Typing password into text field 'id:password'.</msg>
<msg timestamp="20221214 16:54:18.857" level="INFO">Temporally setting log level to: NONE</msg>
<msg timestamp="20221214 16:54:18.899" level="INFO">Log level changed from NONE to INFO.</msg>
<status status="PASS" starttime="20221214 16:54:18.813" endtime="20221214 16:54:18.899"/>
</kw>
<kw name="Click Button" library="SeleniumLibrary">
<arg>signInBtn</arg>
<doc>Clicks the button identified by ``locator``.</doc>
<msg timestamp="20221214 16:54:18.899" level="INFO">Clicking button 'signInBtn'.</msg>
<status status="PASS" starttime="20221214 16:54:18.899" endtime="20221214 16:54:18.944"/>
</kw>
<status status="PASS" starttime="20221214 16:54:18.726" endtime="20221214 16:54:18.944"/>
</kw>
<kw name="wait until it checks and display error message">
<kw name="Wait Until Element Is Visible" library="SeleniumLibrary">
<arg>${Error_Message_Login}</arg>
<doc>Waits until the element ``locator`` is visible.</doc>
<msg timestamp="20221214 16:54:20.694" level="WARN">Keyword 'Capture Page Screenshot' could not be run on failure: Message: no such window: target window already closed
from unknown error: web view not found
  (Session info: chrome=108.0.5359.100)
Stacktrace:
Backtrace:
	(No symbol) [0x0096F243]
	(No symbol) [0x008F7FD1]
	(No symbol) [0x007ED04D]
	(No symbol) [0x007D2D7A]
	(No symbol) [0x0083BE7B]
	(No symbol) [0x0084C196]
	(No symbol) [0x00838386]
	(No symbol) [0x0081163C]
	(No symbol) [0x0081269D]
	GetHandleVerifier [0x00C09A22+2655074]
	GetHandleVerifier [0x00BFCA24+2601828]
	GetHandleVerifier [0x00A18C0A+619850]
	GetHandleVerifier [0x00A17830+614768]
	(No symbol) [0x009005FC]
	(No symbol) [0x00905968]
	(No symbol) [0x00905A55]
	(No symbol) [0x0091051B]
	BaseThreadInitThunk [0x74E2FEF9+25]
	RtlGetAppContainerNamedObjectPath [0x76F57BBE+286]
	RtlGetAppContainerNamedObjectPath [0x76F57B8E+238]
</msg>
<msg timestamp="20221214 16:54:20.699" level="FAIL">NoSuchWindowException: Message: no such window: target window already closed
from unknown error: web view not found
  (Session info: chrome=108.0.5359.100)
Stacktrace:
Backtrace:
	(No symbol) [0x0096F243]
	(No symbol) [0x008F7FD1]
	(No symbol) [0x007ED04D]
	(No symbol) [0x007D2D7A]
	(No symbol) [0x0083BE7B]
	(No symbol) [0x0084C196]
	(No symbol) [0x00838386]
	(No symbol) [0x0081163C]
	(No symbol) [0x0081269D]
	GetHandleVerifier [0x00C09A22+2655074]
	GetHandleVerifier [0x00BFCA24+2601828]
	GetHandleVerifier [0x00A18C0A+619850]
	GetHandleVerifier [0x00A17830+614768]
	(No symbol) [0x009005FC]
	(No symbol) [0x00905968]
	(No symbol) [0x00905A55]
	(No symbol) [0x0091051B]
	BaseThreadInitThunk [0x74E2FEF9+25]
	RtlGetAppContainerNamedObjectPath [0x76F57BBE+286]
	RtlGetAppContainerNamedObjectPath [0x76F57B8E+238]
</msg>
<status status="FAIL" starttime="20221214 16:54:18.944" endtime="20221214 16:54:20.705"/>
</kw>
<status status="FAIL" starttime="20221214 16:54:18.944" endtime="20221214 16:54:20.706"/>
</kw>
<kw name="verify error message is correct">
<status status="NOT RUN" starttime="20221214 16:54:20.706" endtime="20221214 16:54:20.706"/>
</kw>
<status status="FAIL" starttime="20221214 16:54:17.091" endtime="20221214 16:54:20.706"/>
</kw>
<kw name="Close Browser" library="SeleniumLibrary" type="TEARDOWN">
<doc>Closes the current browser.</doc>
<status status="PASS" starttime="20221214 16:54:20.711" endtime="20221214 16:54:22.830"/>
</kw>
<status status="FAIL" starttime="20221214 16:54:17.090" endtime="20221214 16:54:22.831">NoSuchWindowException: Message: no such window: target window already closed
from unknown error: web view not found
  (Session info: chrome=108.0.5359.100)
Stacktrace:
Backtrace:
	(No symbol) [0x0096F243]
	(No symbol) [0x008F7FD1]
	(No symbol) [0x007ED04D]
	(No symbol) [0x007D2D7A]
	(No symbol) [0x0083BE7B]
	(No symbol) [0x0084C196]
	(No symbol) [0x00838386]
	(No symbol) [0x0081163C]
	(No symbol) [0x0081269D]
	GetHandleVerifier [0x00C09A22+2655074]
	GetHandleVerifier [0x00BFCA24+2601828]
	GetHandleVerifier [0x00A18C0A+619850]
	GetHandleVerifier [0x00A17830+614768]
	(No symbol) [0x009005FC]
	(No symbol) [0x00905968]
	(No symbol) [0x00905A55]
	(No symbol) [0x0091051B]
	BaseThreadInitThunk [0x74E2FEF9+25]
	RtlGetAppContainerNamedObjectPath [0x76F57BBE+286]
	RtlGetAppContainerNamedObjectPath [0x76F57B8E+238]
</status>
</test>
<doc>To validate the Login form</doc>
<status status="FAIL" starttime="20221214 16:54:03.548" endtime="20221214 16:54:22.837"/>
</suite>
<suite id="s1-s1-s5" name="Test-05" source="C:\UI-Automation-Robot-framework\tests\Test-05.robot">
<test id="s1-s1-s5-t1" name="Invalid username" line="13">
<kw name="Validate UnSuccesful Login">
<arg>dsahed</arg>
<arg>learning</arg>
<kw name="open the browser with the Mortgage payment url">
<kw name="Create Webdriver" library="SeleniumLibrary">
<arg>Chrome</arg>
<arg>executable_path=/Users/rahulshetty/Documents/chromedriver</arg>
<doc>Creates an instance of Selenium WebDriver.</doc>
<msg timestamp="20221214 16:54:22.872" level="INFO">Creating an instance of the Chrome WebDriver.</msg>
<status status="PASS" starttime="20221214 16:54:22.872" endtime="20221214 16:54:24.040"/>
</kw>
<kw name="Go To" library="SeleniumLibrary">
<arg>https://rahulshettyacademy.com/loginpagePractise/</arg>
<doc>Navigates the current browser window to the provided ``url``.</doc>
<msg timestamp="20221214 16:54:24.041" level="INFO">Opening url 'https://rahulshettyacademy.com/loginpagePractise/'</msg>
<status status="PASS" starttime="20221214 16:54:24.041" endtime="20221214 16:54:24.550"/>
</kw>
<status status="PASS" starttime="20221214 16:54:22.872" endtime="20221214 16:54:24.550"/>
</kw>
<kw name="Fill the login Form">
<arg>${username}</arg>
<arg>${password}</arg>
<kw name="Input Text" library="SeleniumLibrary">
<arg>id:username</arg>
<arg>${username}</arg>
<doc>Types the given ``text`` into the text field identified by ``locator``.</doc>
<msg timestamp="20221214 16:54:24.552" level="INFO">Typing text 'dsahed' into text field 'id:username'.</msg>
<status status="PASS" starttime="20221214 16:54:24.551" endtime="20221214 16:54:24.642"/>
</kw>
<kw name="Input Password" library="SeleniumLibrary">
<arg>id:password</arg>
<arg>${password}</arg>
<doc>Types the given password into the text field identified by ``locator``.</doc>
<msg timestamp="20221214 16:54:24.642" level="INFO">Typing password into text field 'id:password'.</msg>
<msg timestamp="20221214 16:54:24.693" level="INFO">Temporally setting log level to: NONE</msg>
<msg timestamp="20221214 16:54:24.730" level="INFO">Log level changed from NONE to INFO.</msg>
<status status="PASS" starttime="20221214 16:54:24.642" endtime="20221214 16:54:24.730"/>
</kw>
<kw name="Click Button" library="SeleniumLibrary">
<arg>signInBtn</arg>
<doc>Clicks the button identified by ``locator``.</doc>
<msg timestamp="20221214 16:54:24.730" level="INFO">Clicking button 'signInBtn'.</msg>
<status status="PASS" starttime="20221214 16:54:24.730" endtime="20221214 16:54:24.776"/>
</kw>
<status status="PASS" starttime="20221214 16:54:24.551" endtime="20221214 16:54:24.776"/>
</kw>
<kw name="wait until it checks and display error message">
<kw name="Wait Until Element Is Visible" library="SeleniumLibrary">
<arg>${Error_Message_Login}</arg>
<doc>Waits until the element ``locator`` is visible.</doc>
<msg timestamp="20221214 16:54:25.440" level="WARN">Keyword 'Capture Page Screenshot' could not be run on failure: Message: no such window: target window already closed
from unknown error: web view not found
  (Session info: chrome=108.0.5359.100)
Stacktrace:
Backtrace:
	(No symbol) [0x0096F243]
	(No symbol) [0x008F7FD1]
	(No symbol) [0x007ED04D]
	(No symbol) [0x007D2D7A]
	(No symbol) [0x0083BE7B]
	(No symbol) [0x0084C196]
	(No symbol) [0x00838386]
	(No symbol) [0x0081163C]
	(No symbol) [0x0081269D]
	GetHandleVerifier [0x00C09A22+2655074]
	GetHandleVerifier [0x00BFCA24+2601828]
	GetHandleVerifier [0x00A18C0A+619850]
	GetHandleVerifier [0x00A17830+614768]
	(No symbol) [0x009005FC]
	(No symbol) [0x00905968]
	(No symbol) [0x00905A55]
	(No symbol) [0x0091051B]
	BaseThreadInitThunk [0x74E2FEF9+25]
	RtlGetAppContainerNamedObjectPath [0x76F57BBE+286]
	RtlGetAppContainerNamedObjectPath [0x76F57B8E+238]
</msg>
<msg timestamp="20221214 16:54:25.442" level="FAIL">NoSuchWindowException: Message: no such window: target window already closed
from unknown error: web view not found
  (Session info: chrome=108.0.5359.100)
Stacktrace:
Backtrace:
	(No symbol) [0x0096F243]
	(No symbol) [0x008F7FD1]
	(No symbol) [0x007ED04D]
	(No symbol) [0x007D2D7A]
	(No symbol) [0x0083BE7B]
	(No symbol) [0x0084C196]
	(No symbol) [0x00838386]
	(No symbol) [0x0081163C]
	(No symbol) [0x0081269D]
	GetHandleVerifier [0x00C09A22+2655074]
	GetHandleVerifier [0x00BFCA24+2601828]
	GetHandleVerifier [0x00A18C0A+619850]
	GetHandleVerifier [0x00A17830+614768]
	(No symbol) [0x009005FC]
	(No symbol) [0x00905968]
	(No symbol) [0x00905A55]
	(No symbol) [0x0091051B]
	BaseThreadInitThunk [0x74E2FEF9+25]
	RtlGetAppContainerNamedObjectPath [0x76F57BBE+286]
	RtlGetAppContainerNamedObjectPath [0x76F57B8E+238]
</msg>
<status status="FAIL" starttime="20221214 16:54:24.776" endtime="20221214 16:54:25.444"/>
</kw>
<status status="FAIL" starttime="20221214 16:54:24.776" endtime="20221214 16:54:25.444"/>
</kw>
<kw name="verify error message is correct">
<status status="NOT RUN" starttime="20221214 16:54:25.444" endtime="20221214 16:54:25.444"/>
</kw>
<status status="FAIL" starttime="20221214 16:54:22.871" endtime="20221214 16:54:25.444"/>
</kw>
<kw name="Close Browser" library="SeleniumLibrary" type="TEARDOWN">
<doc>Closes the current browser.</doc>
<status status="PASS" starttime="20221214 16:54:25.444" endtime="20221214 16:54:27.522"/>
</kw>
<status status="FAIL" starttime="20221214 16:54:22.871" endtime="20221214 16:54:27.523">NoSuchWindowException: Message: no such window: target window already closed
from unknown error: web view not found
  (Session info: chrome=108.0.5359.100)
Stacktrace:
Backtrace:
	(No symbol) [0x0096F243]
	(No symbol) [0x008F7FD1]
	(No symbol) [0x007ED04D]
	(No symbol) [0x007D2D7A]
	(No symbol) [0x0083BE7B]
	(No symbol) [0x0084C196]
	(No symbol) [0x00838386]
	(No symbol) [0x0081163C]
	(No symbol) [0x0081269D]
	GetHandleVerifier [0x00C09A22+2655074]
	GetHandleVerifier [0x00BFCA24+2601828]
	GetHandleVerifier [0x00A18C0A+619850]
	GetHandleVerifier [0x00A17830+614768]
	(No symbol) [0x009005FC]
	(No symbol) [0x00905968]
	(No symbol) [0x00905A55]
	(No symbol) [0x0091051B]
	BaseThreadInitThunk [0x74E2FEF9+25]
	RtlGetAppContainerNamedObjectPath [0x76F57BBE+286]
	RtlGetAppContainerNamedObjectPath [0x76F57B8E+238]
</status>
</test>
<test id="s1-s1-s5-t2" name="Invalid password" line="13">
<kw name="Validate UnSuccesful Login">
<arg>rahulshetty</arg>
<arg>ploudfg</arg>
<kw name="open the browser with the Mortgage payment url">
<kw name="Create Webdriver" library="SeleniumLibrary">
<arg>Chrome</arg>
<arg>executable_path=/Users/rahulshetty/Documents/chromedriver</arg>
<doc>Creates an instance of Selenium WebDriver.</doc>
<msg timestamp="20221214 16:54:27.528" level="INFO">Creating an instance of the Chrome WebDriver.</msg>
<status status="PASS" starttime="20221214 16:54:27.528" endtime="20221214 16:54:28.802"/>
</kw>
<kw name="Go To" library="SeleniumLibrary">
<arg>https://rahulshettyacademy.com/loginpagePractise/</arg>
<doc>Navigates the current browser window to the provided ``url``.</doc>
<msg timestamp="20221214 16:54:28.802" level="INFO">Opening url 'https://rahulshettyacademy.com/loginpagePractise/'</msg>
<status status="PASS" starttime="20221214 16:54:28.802" endtime="20221214 16:54:29.288"/>
</kw>
<status status="PASS" starttime="20221214 16:54:27.528" endtime="20221214 16:54:29.288"/>
</kw>
<kw name="Fill the login Form">
<arg>${username}</arg>
<arg>${password}</arg>
<kw name="Input Text" library="SeleniumLibrary">
<arg>id:username</arg>
<arg>${username}</arg>
<doc>Types the given ``text`` into the text field identified by ``locator``.</doc>
<msg timestamp="20221214 16:54:29.288" level="INFO">Typing text 'rahulshetty' into text field 'id:username'.</msg>
<status status="PASS" starttime="20221214 16:54:29.288" endtime="20221214 16:54:29.405"/>
</kw>
<kw name="Input Password" library="SeleniumLibrary">
<arg>id:password</arg>
<arg>${password}</arg>
<doc>Types the given password into the text field identified by ``locator``.</doc>
<msg timestamp="20221214 16:54:29.406" level="INFO">Typing password into text field 'id:password'.</msg>
<msg timestamp="20221214 16:54:29.444" level="INFO">Temporally setting log level to: NONE</msg>
<msg timestamp="20221214 16:54:29.480" level="INFO">Log level changed from NONE to INFO.</msg>
<status status="PASS" starttime="20221214 16:54:29.405" endtime="20221214 16:54:29.480"/>
</kw>
<kw name="Click Button" library="SeleniumLibrary">
<arg>signInBtn</arg>
<doc>Clicks the button identified by ``locator``.</doc>
<msg timestamp="20221214 16:54:29.482" level="INFO">Clicking button 'signInBtn'.</msg>
<status status="PASS" starttime="20221214 16:54:29.480" endtime="20221214 16:54:29.535"/>
</kw>
<status status="PASS" starttime="20221214 16:54:29.288" endtime="20221214 16:54:29.536"/>
</kw>
<kw name="wait until it checks and display error message">
<kw name="Wait Until Element Is Visible" library="SeleniumLibrary">
<arg>${Error_Message_Login}</arg>
<doc>Waits until the element ``locator`` is visible.</doc>
<status status="PASS" starttime="20221214 16:54:29.536" endtime="20221214 16:54:31.581"/>
</kw>
<status status="PASS" starttime="20221214 16:54:29.536" endtime="20221214 16:54:31.581"/>
</kw>
<kw name="verify error message is correct">
<kw name="Get Text" library="SeleniumLibrary">
<var>${result}</var>
<arg>${Error_Message_Login}</arg>
<doc>Returns the text value of the element identified by ``locator``.</doc>
<msg timestamp="20221214 16:54:31.604" level="INFO">${result} = Incorrect username/password.</msg>
<status status="PASS" starttime="20221214 16:54:31.582" endtime="20221214 16:54:31.604"/>
</kw>
<kw name="Should Be Equal As Strings" library="BuiltIn">
<arg>${result}</arg>
<arg>Incorrect username/password.</arg>
<doc>Fails if objects are unequal after converting them to strings.</doc>
<status status="PASS" starttime="20221214 16:54:31.604" endtime="20221214 16:54:31.604"/>
</kw>
<kw name="Element Text Should Be" library="SeleniumLibrary">
<arg>${Error_Message_Login}</arg>
<arg>Incorrect username/password.</arg>
<doc>Verifies that element ``locator`` contains exact the text ``expected``.</doc>
<msg timestamp="20221214 16:54:31.605" level="INFO">Verifying element 'css:.alert-danger' contains exact text 'Incorrect username/password.'.</msg>
<status status="PASS" starttime="20221214 16:54:31.604" endtime="20221214 16:54:31.619"/>
</kw>
<status status="PASS" starttime="20221214 16:54:31.581" endtime="20221214 16:54:31.619"/>
</kw>
<status status="PASS" starttime="20221214 16:54:27.528" endtime="20221214 16:54:31.619"/>
</kw>
<kw name="Close Browser" library="SeleniumLibrary" type="TEARDOWN">
<doc>Closes the current browser.</doc>
<status status="PASS" starttime="20221214 16:54:31.620" endtime="20221214 16:54:33.750"/>
</kw>
<status status="PASS" starttime="20221214 16:54:27.526" endtime="20221214 16:54:33.750"/>
</test>
<test id="s1-s1-s5-t3" name="special characters" line="13">
<kw name="Validate UnSuccesful Login">
<arg>@#$</arg>
<arg>learning</arg>
<kw name="open the browser with the Mortgage payment url">
<kw name="Create Webdriver" library="SeleniumLibrary">
<arg>Chrome</arg>
<arg>executable_path=/Users/rahulshetty/Documents/chromedriver</arg>
<doc>Creates an instance of Selenium WebDriver.</doc>
<msg timestamp="20221214 16:54:33.753" level="INFO">Creating an instance of the Chrome WebDriver.</msg>
<msg timestamp="20221214 16:54:33.758" level="INFO">Cannot capture screenshot because no browser is open.</msg>
<msg timestamp="20221214 16:54:33.758" level="FAIL">WebDriverException: Message: 'chromedriver' executable needs to be in PATH. Please see https://chromedriver.chromium.org/home
</msg>
<status status="FAIL" starttime="20221214 16:54:33.752" endtime="20221214 16:54:33.799"/>
</kw>
<kw name="Go To" library="SeleniumLibrary">
<arg>https://rahulshettyacademy.com/loginpagePractise/</arg>
<doc>Navigates the current browser window to the provided ``url``.</doc>
<status status="NOT RUN" starttime="20221214 16:54:33.799" endtime="20221214 16:54:33.799"/>
</kw>
<status status="FAIL" starttime="20221214 16:54:33.752" endtime="20221214 16:54:33.799"/>
</kw>
<kw name="Fill the login Form">
<arg>${username}</arg>
<arg>${password}</arg>
<status status="NOT RUN" starttime="20221214 16:54:33.799" endtime="20221214 16:54:33.799"/>
</kw>
<kw name="wait until it checks and display error message">
<status status="NOT RUN" starttime="20221214 16:54:33.799" endtime="20221214 16:54:33.799"/>
</kw>
<kw name="verify error message is correct">
<status status="NOT RUN" starttime="20221214 16:54:33.800" endtime="20221214 16:54:33.800"/>
</kw>
<status status="FAIL" starttime="20221214 16:54:33.752" endtime="20221214 16:54:33.800"/>
</kw>
<kw name="Close Browser" library="SeleniumLibrary" type="TEARDOWN">
<doc>Closes the current browser.</doc>
<status status="PASS" starttime="20221214 16:54:33.800" endtime="20221214 16:54:33.800"/>
</kw>
<status status="FAIL" starttime="20221214 16:54:33.750" endtime="20221214 16:54:33.800">WebDriverException: Message: 'chromedriver' executable needs to be in PATH. Please see https://chromedriver.chromium.org/home
</status>
</test>
<test id="s1-s1-s5-t4" name="Login with user 1234 and password  4242" line="13">
<kw name="Validate UnSuccesful Login">
<arg>1234</arg>
<arg> 4242</arg>
<kw name="open the browser with the Mortgage payment url">
<kw name="Create Webdriver" library="SeleniumLibrary">
<arg>Chrome</arg>
<arg>executable_path=/Users/rahulshetty/Documents/chromedriver</arg>
<doc>Creates an instance of Selenium WebDriver.</doc>
<msg timestamp="20221214 16:54:33.801" level="INFO">Creating an instance of the Chrome WebDriver.</msg>
<msg timestamp="20221214 16:54:33.806" level="INFO">Cannot capture screenshot because no browser is open.</msg>
<msg timestamp="20221214 16:54:33.806" level="FAIL">WebDriverException: Message: 'chromedriver' executable needs to be in PATH. Please see https://chromedriver.chromium.org/home
</msg>
<status status="FAIL" starttime="20221214 16:54:33.801" endtime="20221214 16:54:33.807"/>
</kw>
<kw name="Go To" library="SeleniumLibrary">
<arg>https://rahulshettyacademy.com/loginpagePractise/</arg>
<doc>Navigates the current browser window to the provided ``url``.</doc>
<status status="NOT RUN" starttime="20221214 16:54:33.807" endtime="20221214 16:54:33.807"/>
</kw>
<status status="FAIL" starttime="20221214 16:54:33.801" endtime="20221214 16:54:33.807"/>
</kw>
<kw name="Fill the login Form">
<arg>${username}</arg>
<arg>${password}</arg>
<status status="NOT RUN" starttime="20221214 16:54:33.808" endtime="20221214 16:54:33.808"/>
</kw>
<kw name="wait until it checks and display error message">
<status status="NOT RUN" starttime="20221214 16:54:33.808" endtime="20221214 16:54:33.808"/>
</kw>
<kw name="verify error message is correct">
<status status="NOT RUN" starttime="20221214 16:54:33.808" endtime="20221214 16:54:33.808"/>
</kw>
<status status="FAIL" starttime="20221214 16:54:33.801" endtime="20221214 16:54:33.808"/>
</kw>
<kw name="Close Browser" library="SeleniumLibrary" type="TEARDOWN">
<doc>Closes the current browser.</doc>
<status status="PASS" starttime="20221214 16:54:33.808" endtime="20221214 16:54:33.808"/>
</kw>
<status status="FAIL" starttime="20221214 16:54:33.800" endtime="20221214 16:54:33.808">WebDriverException: Message: 'chromedriver' executable needs to be in PATH. Please see https://chromedriver.chromium.org/home
</status>
</test>
<doc>To validate the Login form</doc>
<status status="FAIL" starttime="20221214 16:54:22.841" endtime="20221214 16:54:33.808"/>
</suite>
<suite id="s1-s1-s6" name="UI Test" source="C:\UI-Automation-Robot-framework\tests\UI_Test.robot">
<test id="s1-s1-s6-t1" name="Validate UnSuccesful Login" line="23">
<kw name="open the browser with the url" library="Generic" type="SETUP">
<kw name="Create Webdriver" library="SeleniumLibrary">
<arg>${browser_name}</arg>
<arg>executable_path=resources/${browser_name}</arg>
<doc>Creates an instance of Selenium WebDriver.</doc>
<msg timestamp="20221214 16:54:33.825" level="INFO">Creating an instance of the Chrome WebDriver.</msg>
<msg timestamp="20221214 16:54:33.833" level="INFO">Cannot capture screenshot because no browser is open.</msg>
<msg timestamp="20221214 16:54:33.833" level="FAIL">WebDriverException: Message: 'Chrome' executable needs to be in PATH. Please see https://chromedriver.chromium.org/home
</msg>
<status status="FAIL" starttime="20221214 16:54:33.825" endtime="20221214 16:54:33.834"/>
</kw>
<kw name="Go To" library="SeleniumLibrary">
<arg>${url}</arg>
<doc>Navigates the current browser window to the provided ``url``.</doc>
<status status="NOT RUN" starttime="20221214 16:54:33.834" endtime="20221214 16:54:33.834"/>
</kw>
<status status="FAIL" starttime="20221214 16:54:33.825" endtime="20221214 16:54:33.834"/>
</kw>
<kw name="Close Browser session" library="Generic" type="TEARDOWN">
<kw name="Close Browser" library="SeleniumLibrary">
<doc>Closes the current browser.</doc>
<status status="PASS" starttime="20221214 16:54:33.835" endtime="20221214 16:54:33.835"/>
</kw>
<status status="PASS" starttime="20221214 16:54:33.834" endtime="20221214 16:54:33.835"/>
</kw>
<tag>REGRESSION</tag>
<tag>SMOKE</tag>
<status status="FAIL" starttime="20221214 16:54:33.825" endtime="20221214 16:54:33.835">Setup failed:
WebDriverException: Message: 'Chrome' executable needs to be in PATH. Please see https://chromedriver.chromium.org/home
</status>
</test>
<test id="s1-s1-s6-t2" name="Veify the end to end ecommerce Product purchase process" line="31">
<kw name="open the browser with the url" library="Generic" type="SETUP">
<kw name="Create Webdriver" library="SeleniumLibrary">
<arg>${browser_name}</arg>
<arg>executable_path=resources/${browser_name}</arg>
<doc>Creates an instance of Selenium WebDriver.</doc>
<msg timestamp="20221214 16:54:33.836" level="INFO">Creating an instance of the Chrome WebDriver.</msg>
<msg timestamp="20221214 16:54:33.842" level="INFO">Cannot capture screenshot because no browser is open.</msg>
<msg timestamp="20221214 16:54:33.842" level="FAIL">WebDriverException: Message: 'Chrome' executable needs to be in PATH. Please see https://chromedriver.chromium.org/home
</msg>
<status status="FAIL" starttime="20221214 16:54:33.835" endtime="20221214 16:54:33.843"/>
</kw>
<kw name="Go To" library="SeleniumLibrary">
<arg>${url}</arg>
<doc>Navigates the current browser window to the provided ``url``.</doc>
<status status="NOT RUN" starttime="20221214 16:54:33.843" endtime="20221214 16:54:33.844"/>
</kw>
<status status="FAIL" starttime="20221214 16:54:33.835" endtime="20221214 16:54:33.844"/>
</kw>
<kw name="Close Browser session" library="Generic" type="TEARDOWN">
<kw name="Close Browser" library="SeleniumLibrary">
<doc>Closes the current browser.</doc>
<status status="PASS" starttime="20221214 16:54:33.845" endtime="20221214 16:54:33.845"/>
</kw>
<status status="PASS" starttime="20221214 16:54:33.844" endtime="20221214 16:54:33.845"/>
</kw>
<tag>REGRESSION</tag>
<status status="FAIL" starttime="20221214 16:54:33.835" endtime="20221214 16:54:33.845">Setup failed:
WebDriverException: Message: 'Chrome' executable needs to be in PATH. Please see https://chromedriver.chromium.org/home
</status>
</test>
<test id="s1-s1-s6-t3" name="Verify user is able to fillup the login form" line="43">
<kw name="open the browser with the url" library="Generic" type="SETUP">
<kw name="Create Webdriver" library="SeleniumLibrary">
<arg>${browser_name}</arg>
<arg>executable_path=resources/${browser_name}</arg>
<doc>Creates an instance of Selenium WebDriver.</doc>
<msg timestamp="20221214 16:54:33.847" level="INFO">Creating an instance of the Chrome WebDriver.</msg>
<msg timestamp="20221214 16:54:33.853" level="INFO">Cannot capture screenshot because no browser is open.</msg>
<msg timestamp="20221214 16:54:33.853" level="FAIL">WebDriverException: Message: 'Chrome' executable needs to be in PATH. Please see https://chromedriver.chromium.org/home
</msg>
<status status="FAIL" starttime="20221214 16:54:33.845" endtime="20221214 16:54:33.854"/>
</kw>
<kw name="Go To" library="SeleniumLibrary">
<arg>${url}</arg>
<doc>Navigates the current browser window to the provided ``url``.</doc>
<status status="NOT RUN" starttime="20221214 16:54:33.854" endtime="20221214 16:54:33.854"/>
</kw>
<status status="FAIL" starttime="20221214 16:54:33.845" endtime="20221214 16:54:33.854"/>
</kw>
<kw name="Close Browser session" library="Generic" type="TEARDOWN">
<kw name="Close Browser" library="SeleniumLibrary">
<doc>Closes the current browser.</doc>
<status status="PASS" starttime="20221214 16:54:33.855" endtime="20221214 16:54:33.855"/>
</kw>
<status status="PASS" starttime="20221214 16:54:33.855" endtime="20221214 16:54:33.855"/>
</kw>
<status status="FAIL" starttime="20221214 16:54:33.845" endtime="20221214 16:54:33.855">Setup failed:
WebDriverException: Message: 'Chrome' executable needs to be in PATH. Please see https://chromedriver.chromium.org/home
</status>
</test>
<doc>To validate the Login form</doc>
<status status="FAIL" starttime="20221214 16:54:33.809" endtime="20221214 16:54:33.855"/>
</suite>
<status status="FAIL" starttime="20221214 16:53:28.346" endtime="20221214 16:54:33.856"/>
</suite>
<status status="FAIL" starttime="20221214 16:53:28.328" endtime="20221214 16:54:33.857"/>
</suite>
<statistics>
<total>
<stat pass="8" fail="7" skip="0">All Tests</stat>
</total>
<tag>
<stat pass="0" fail="2" skip="0">REGRESSION</stat>
<stat pass="0" fail="1" skip="0">SMOKE</stat>
</tag>
<suite>
<stat pass="8" fail="7" skip="0" id="s1" name="UI-Automation-Robot-framework">UI-Automation-Robot-framework</stat>
<stat pass="8" fail="7" skip="0" id="s1-s1" name="Tests">UI-Automation-Robot-framework.Tests</stat>
<stat pass="1" fail="0" skip="0" id="s1-s1-s1" name="Test-01">UI-Automation-Robot-framework.Tests.Test-01</stat>
<stat pass="3" fail="0" skip="0" id="s1-s1-s2" name="Test-02">UI-Automation-Robot-framework.Tests.Test-02</stat>
<stat pass="1" fail="0" skip="0" id="s1-s1-s3" name="Test-03">UI-Automation-Robot-framework.Tests.Test-03</stat>
<stat pass="2" fail="1" skip="0" id="s1-s1-s4" name="Test-04">UI-Automation-Robot-framework.Tests.Test-04</stat>
<stat pass="1" fail="3" skip="0" id="s1-s1-s5" name="Test-05">UI-Automation-Robot-framework.Tests.Test-05</stat>
<stat pass="0" fail="3" skip="0" id="s1-s1-s6" name="UI Test">UI-Automation-Robot-framework.Tests.UI Test</stat>
</suite>
</statistics>
<errors>
<msg timestamp="20221214 16:54:20.694" level="WARN">Keyword 'Capture Page Screenshot' could not be run on failure: Message: no such window: target window already closed
from unknown error: web view not found
  (Session info: chrome=108.0.5359.100)
Stacktrace:
Backtrace:
	(No symbol) [0x0096F243]
	(No symbol) [0x008F7FD1]
	(No symbol) [0x007ED04D]
	(No symbol) [0x007D2D7A]
	(No symbol) [0x0083BE7B]
	(No symbol) [0x0084C196]
	(No symbol) [0x00838386]
	(No symbol) [0x0081163C]
	(No symbol) [0x0081269D]
	GetHandleVerifier [0x00C09A22+2655074]
	GetHandleVerifier [0x00BFCA24+2601828]
	GetHandleVerifier [0x00A18C0A+619850]
	GetHandleVerifier [0x00A17830+614768]
	(No symbol) [0x009005FC]
	(No symbol) [0x00905968]
	(No symbol) [0x00905A55]
	(No symbol) [0x0091051B]
	BaseThreadInitThunk [0x74E2FEF9+25]
	RtlGetAppContainerNamedObjectPath [0x76F57BBE+286]
	RtlGetAppContainerNamedObjectPath [0x76F57B8E+238]
</msg>
<msg timestamp="20221214 16:54:25.440" level="WARN">Keyword 'Capture Page Screenshot' could not be run on failure: Message: no such window: target window already closed
from unknown error: web view not found
  (Session info: chrome=108.0.5359.100)
Stacktrace:
Backtrace:
	(No symbol) [0x0096F243]
	(No symbol) [0x008F7FD1]
	(No symbol) [0x007ED04D]
	(No symbol) [0x007D2D7A]
	(No symbol) [0x0083BE7B]
	(No symbol) [0x0084C196]
	(No symbol) [0x00838386]
	(No symbol) [0x0081163C]
	(No symbol) [0x0081269D]
	GetHandleVerifier [0x00C09A22+2655074]
	GetHandleVerifier [0x00BFCA24+2601828]
	GetHandleVerifier [0x00A18C0A+619850]
	GetHandleVerifier [0x00A17830+614768]
	(No symbol) [0x009005FC]
	(No symbol) [0x00905968]
	(No symbol) [0x00905A55]
	(No symbol) [0x0091051B]
	BaseThreadInitThunk [0x74E2FEF9+25]
	RtlGetAppContainerNamedObjectPath [0x76F57BBE+286]
	RtlGetAppContainerNamedObjectPath [0x76F57B8E+238]
</msg>
</errors>
</robot>
