<?xml version="1.0" encoding="UTF-8"?>
<robot generator="Robot 6.0.1 (Python 3.11.1 on win32)" generated="20230106 14:48:28.171" rpa="false" schemaversion="3">
<suite id="s1" name="Test-05" source="C:\UI-Automation-Robot-framework\TestVault\Test-05.robot">
<test id="s1-t1" name="Invalid username" line="13">
<kw name="Validate UnSuccesful Login">
<arg>dsahed</arg>
<arg>learning</arg>
<kw name="open the browser with the Mortgage payment url">
<kw name="Create Webdriver" library="SeleniumLibrary">
<arg>Chrome</arg>
<arg>executable_path=/Users/rahulshetty/Documents/chromedriver</arg>
<doc>Creates an instance of Selenium WebDriver.</doc>
<msg timestamp="20230106 14:48:28.400" level="INFO">Creating an instance of the Chrome WebDriver.</msg>
<status status="PASS" starttime="20230106 14:48:28.399" endtime="20230106 14:48:29.610"/>
</kw>
<kw name="Go To" library="SeleniumLibrary">
<arg>https://rahulshettyacademy.com/loginpagePractise/</arg>
<doc>Navigates the current browser window to the provided ``url``.</doc>
<msg timestamp="20230106 14:48:29.611" level="INFO">Opening url 'https://rahulshettyacademy.com/loginpagePractise/'</msg>
<status status="PASS" starttime="20230106 14:48:29.611" endtime="20230106 14:48:30.018"/>
</kw>
<status status="PASS" starttime="20230106 14:48:28.399" endtime="20230106 14:48:30.019"/>
</kw>
<kw name="Fill the login Form">
<arg>${username}</arg>
<arg>${password}</arg>
<kw name="Input Text" library="SeleniumLibrary">
<arg>id:username</arg>
<arg>${username}</arg>
<doc>Types the given ``text`` into the text field identified by ``locator``.</doc>
<msg timestamp="20230106 14:48:30.020" level="INFO">Typing text 'dsahed' into text field 'id:username'.</msg>
<status status="PASS" starttime="20230106 14:48:30.019" endtime="20230106 14:48:30.104"/>
</kw>
<kw name="Input Password" library="SeleniumLibrary">
<arg>id:password</arg>
<arg>${password}</arg>
<doc>Types the given password into the text field identified by ``locator``.</doc>
<msg timestamp="20230106 14:48:30.104" level="INFO">Typing password into text field 'id:password'.</msg>
<msg timestamp="20230106 14:48:30.140" level="INFO">Temporally setting log level to: NONE</msg>
<msg timestamp="20230106 14:48:30.175" level="INFO">Log level changed from NONE to INFO.</msg>
<status status="PASS" starttime="20230106 14:48:30.104" endtime="20230106 14:48:30.175"/>
</kw>
<kw name="Click Button" library="SeleniumLibrary">
<arg>signInBtn</arg>
<doc>Clicks the button identified by ``locator``.</doc>
<msg timestamp="20230106 14:48:30.177" level="INFO">Clicking button 'signInBtn'.</msg>
<status status="PASS" starttime="20230106 14:48:30.175" endtime="20230106 14:48:30.220"/>
</kw>
<status status="PASS" starttime="20230106 14:48:30.019" endtime="20230106 14:48:30.221"/>
</kw>
<kw name="wait until it checks and display error message">
<kw name="Wait Until Element Is Visible" library="SeleniumLibrary">
<arg>${Error_Message_Login}</arg>
<doc>Waits until the element ``locator`` is visible.</doc>
<status status="PASS" starttime="20230106 14:48:30.222" endtime="20230106 14:48:32.250"/>
</kw>
<status status="PASS" starttime="20230106 14:48:30.221" endtime="20230106 14:48:32.250"/>
</kw>
<kw name="verify error message is correct">
<kw name="Get Text" library="SeleniumLibrary">
<var>${result}</var>
<arg>${Error_Message_Login}</arg>
<doc>Returns the text value of the element identified by ``locator``.</doc>
<msg timestamp="20230106 14:48:32.272" level="INFO">${result} = Incorrect username/password.</msg>
<status status="PASS" starttime="20230106 14:48:32.250" endtime="20230106 14:48:32.272"/>
</kw>
<kw name="Should Be Equal As Strings" library="BuiltIn">
<arg>${result}</arg>
<arg>Incorrect username/password.</arg>
<doc>Fails if objects are unequal after converting them to strings.</doc>
<status status="PASS" starttime="20230106 14:48:32.272" endtime="20230106 14:48:32.273"/>
</kw>
<kw name="Element Text Should Be" library="SeleniumLibrary">
<arg>${Error_Message_Login}</arg>
<arg>Incorrect username/password.</arg>
<doc>Verifies that element ``locator`` contains exact the text ``expected``.</doc>
<msg timestamp="20230106 14:48:32.273" level="INFO">Verifying element 'css:.alert-danger' contains exact text 'Incorrect username/password.'.</msg>
<status status="PASS" starttime="20230106 14:48:32.273" endtime="20230106 14:48:32.288"/>
</kw>
<status status="PASS" starttime="20230106 14:48:32.250" endtime="20230106 14:48:32.288"/>
</kw>
<status status="PASS" starttime="20230106 14:48:28.398" endtime="20230106 14:48:32.289"/>
</kw>
<kw name="Close Browser" library="SeleniumLibrary" type="TEARDOWN">
<doc>Closes the current browser.</doc>
<status status="PASS" starttime="20230106 14:48:32.289" endtime="20230106 14:48:35.046"/>
</kw>
<status status="PASS" starttime="20230106 14:48:28.398" endtime="20230106 14:48:35.047"/>
</test>
<test id="s1-t2" name="Invalid password" line="13">
<kw name="Validate UnSuccesful Login">
<arg>rahulshetty</arg>
<arg>ploudfg</arg>
<kw name="open the browser with the Mortgage payment url">
<kw name="Create Webdriver" library="SeleniumLibrary">
<arg>Chrome</arg>
<arg>executable_path=/Users/rahulshetty/Documents/chromedriver</arg>
<doc>Creates an instance of Selenium WebDriver.</doc>
<msg timestamp="20230106 14:48:35.053" level="INFO">Creating an instance of the Chrome WebDriver.</msg>
<status status="PASS" starttime="20230106 14:48:35.052" endtime="20230106 14:48:36.164"/>
</kw>
<kw name="Go To" library="SeleniumLibrary">
<arg>https://rahulshettyacademy.com/loginpagePractise/</arg>
<doc>Navigates the current browser window to the provided ``url``.</doc>
<msg timestamp="20230106 14:48:36.165" level="INFO">Opening url 'https://rahulshettyacademy.com/loginpagePractise/'</msg>
<status status="PASS" starttime="20230106 14:48:36.165" endtime="20230106 14:48:36.574"/>
</kw>
<status status="PASS" starttime="20230106 14:48:35.052" endtime="20230106 14:48:36.574"/>
</kw>
<kw name="Fill the login Form">
<arg>${username}</arg>
<arg>${password}</arg>
<kw name="Input Text" library="SeleniumLibrary">
<arg>id:username</arg>
<arg>${username}</arg>
<doc>Types the given ``text`` into the text field identified by ``locator``.</doc>
<msg timestamp="20230106 14:48:36.575" level="INFO">Typing text 'rahulshetty' into text field 'id:username'.</msg>
<status status="PASS" starttime="20230106 14:48:36.575" endtime="20230106 14:48:36.655"/>
</kw>
<kw name="Input Password" library="SeleniumLibrary">
<arg>id:password</arg>
<arg>${password}</arg>
<doc>Types the given password into the text field identified by ``locator``.</doc>
<msg timestamp="20230106 14:48:36.656" level="INFO">Typing password into text field 'id:password'.</msg>
<msg timestamp="20230106 14:48:36.700" level="INFO">Temporally setting log level to: NONE</msg>
<msg timestamp="20230106 14:48:36.738" level="INFO">Log level changed from NONE to INFO.</msg>
<status status="PASS" starttime="20230106 14:48:36.655" endtime="20230106 14:48:36.738"/>
</kw>
<kw name="Click Button" library="SeleniumLibrary">
<arg>signInBtn</arg>
<doc>Clicks the button identified by ``locator``.</doc>
<msg timestamp="20230106 14:48:36.739" level="INFO">Clicking button 'signInBtn'.</msg>
<status status="PASS" starttime="20230106 14:48:36.738" endtime="20230106 14:48:36.787"/>
</kw>
<status status="PASS" starttime="20230106 14:48:36.574" endtime="20230106 14:48:36.787"/>
</kw>
<kw name="wait until it checks and display error message">
<kw name="Wait Until Element Is Visible" library="SeleniumLibrary">
<arg>${Error_Message_Login}</arg>
<doc>Waits until the element ``locator`` is visible.</doc>
<status status="PASS" starttime="20230106 14:48:36.788" endtime="20230106 14:48:38.803"/>
</kw>
<status status="PASS" starttime="20230106 14:48:36.787" endtime="20230106 14:48:38.804"/>
</kw>
<kw name="verify error message is correct">
<kw name="Get Text" library="SeleniumLibrary">
<var>${result}</var>
<arg>${Error_Message_Login}</arg>
<doc>Returns the text value of the element identified by ``locator``.</doc>
<msg timestamp="20230106 14:48:38.823" level="INFO">${result} = Incorrect username/password.</msg>
<status status="PASS" starttime="20230106 14:48:38.804" endtime="20230106 14:48:38.823"/>
</kw>
<kw name="Should Be Equal As Strings" library="BuiltIn">
<arg>${result}</arg>
<arg>Incorrect username/password.</arg>
<doc>Fails if objects are unequal after converting them to strings.</doc>
<status status="PASS" starttime="20230106 14:48:38.823" endtime="20230106 14:48:38.823"/>
</kw>
<kw name="Element Text Should Be" library="SeleniumLibrary">
<arg>${Error_Message_Login}</arg>
<arg>Incorrect username/password.</arg>
<doc>Verifies that element ``locator`` contains exact the text ``expected``.</doc>
<msg timestamp="20230106 14:48:38.824" level="INFO">Verifying element 'css:.alert-danger' contains exact text 'Incorrect username/password.'.</msg>
<status status="PASS" starttime="20230106 14:48:38.824" endtime="20230106 14:48:38.838"/>
</kw>
<status status="PASS" starttime="20230106 14:48:38.804" endtime="20230106 14:48:38.839"/>
</kw>
<status status="PASS" starttime="20230106 14:48:35.051" endtime="20230106 14:48:38.839"/>
</kw>
<kw name="Close Browser" library="SeleniumLibrary" type="TEARDOWN">
<doc>Closes the current browser.</doc>
<status status="PASS" starttime="20230106 14:48:38.839" endtime="20230106 14:48:41.712"/>
</kw>
<status status="PASS" starttime="20230106 14:48:35.048" endtime="20230106 14:48:41.712"/>
</test>
<test id="s1-t3" name="special characters" line="13">
<kw name="Validate UnSuccesful Login">
<arg>@#$</arg>
<arg>learning</arg>
<kw name="open the browser with the Mortgage payment url">
<kw name="Create Webdriver" library="SeleniumLibrary">
<arg>Chrome</arg>
<arg>executable_path=/Users/rahulshetty/Documents/chromedriver</arg>
<doc>Creates an instance of Selenium WebDriver.</doc>
<msg timestamp="20230106 14:48:41.717" level="INFO">Creating an instance of the Chrome WebDriver.</msg>
<status status="PASS" starttime="20230106 14:48:41.716" endtime="20230106 14:48:42.889"/>
</kw>
<kw name="Go To" library="SeleniumLibrary">
<arg>https://rahulshettyacademy.com/loginpagePractise/</arg>
<doc>Navigates the current browser window to the provided ``url``.</doc>
<msg timestamp="20230106 14:48:42.889" level="INFO">Opening url 'https://rahulshettyacademy.com/loginpagePractise/'</msg>
<status status="PASS" starttime="20230106 14:48:42.889" endtime="20230106 14:48:43.320"/>
</kw>
<status status="PASS" starttime="20230106 14:48:41.716" endtime="20230106 14:48:43.320"/>
</kw>
<kw name="Fill the login Form">
<arg>${username}</arg>
<arg>${password}</arg>
<kw name="Input Text" library="SeleniumLibrary">
<arg>id:username</arg>
<arg>${username}</arg>
<doc>Types the given ``text`` into the text field identified by ``locator``.</doc>
<msg timestamp="20230106 14:48:43.321" level="INFO">Typing text '@#$' into text field 'id:username'.</msg>
<status status="PASS" starttime="20230106 14:48:43.320" endtime="20230106 14:48:43.404"/>
</kw>
<kw name="Input Password" library="SeleniumLibrary">
<arg>id:password</arg>
<arg>${password}</arg>
<doc>Types the given password into the text field identified by ``locator``.</doc>
<msg timestamp="20230106 14:48:43.404" level="INFO">Typing password into text field 'id:password'.</msg>
<msg timestamp="20230106 14:48:43.440" level="INFO">Temporally setting log level to: NONE</msg>
<msg timestamp="20230106 14:48:43.481" level="INFO">Log level changed from NONE to INFO.</msg>
<status status="PASS" starttime="20230106 14:48:43.404" endtime="20230106 14:48:43.481"/>
</kw>
<kw name="Click Button" library="SeleniumLibrary">
<arg>signInBtn</arg>
<doc>Clicks the button identified by ``locator``.</doc>
<msg timestamp="20230106 14:48:43.483" level="INFO">Clicking button 'signInBtn'.</msg>
<status status="PASS" starttime="20230106 14:48:43.481" endtime="20230106 14:48:43.525"/>
</kw>
<status status="PASS" starttime="20230106 14:48:43.320" endtime="20230106 14:48:43.526"/>
</kw>
<kw name="wait until it checks and display error message">
<kw name="Wait Until Element Is Visible" library="SeleniumLibrary">
<arg>${Error_Message_Login}</arg>
<doc>Waits until the element ``locator`` is visible.</doc>
<msg timestamp="20230106 14:48:44.631" level="WARN">Keyword 'Capture Page Screenshot' could not be run on failure: Message: no such window: target window already closed
from unknown error: web view not found
  (Session info: chrome=108.0.5359.125)
Stacktrace:
Backtrace:
	(No symbol) [0x008CF243]
	(No symbol) [0x00857FD1]
	(No symbol) [0x0074D04D]
	(No symbol) [0x00732D7A]
	(No symbol) [0x0079BE7B]
	(No symbol) [0x007AC196]
	(No symbol) [0x00798386]
	(No symbol) [0x0077163C]
	(No symbol) [0x0077269D]
	GetHandleVerifier [0x00B69A22+2655074]
	GetHandleVerifier [0x00B5CA24+2601828]
	GetHandleVerifier [0x00978C0A+619850]
	GetHandleVerifier [0x00977830+614768]
	(No symbol) [0x008605FC]
	(No symbol) [0x00865968]
	(No symbol) [0x00865A55]
	(No symbol) [0x0087051B]
	BaseThreadInitThunk [0x767E00F9+25]
	RtlGetAppContainerNamedObjectPath [0x76EF7BBE+286]
	RtlGetAppContainerNamedObjectPath [0x76EF7B8E+238]
</msg>
<msg timestamp="20230106 14:48:44.632" level="FAIL">NoSuchWindowException: Message: no such window: target window already closed
from unknown error: web view not found
  (Session info: chrome=108.0.5359.125)
Stacktrace:
Backtrace:
	(No symbol) [0x008CF243]
	(No symbol) [0x00857FD1]
	(No symbol) [0x0074D04D]
	(No symbol) [0x00732D7A]
	(No symbol) [0x0079BE7B]
	(No symbol) [0x007AC196]
	(No symbol) [0x00798386]
	(No symbol) [0x0077163C]
	(No symbol) [0x0077269D]
	GetHandleVerifier [0x00B69A22+2655074]
	GetHandleVerifier [0x00B5CA24+2601828]
	GetHandleVerifier [0x00978C0A+619850]
	GetHandleVerifier [0x00977830+614768]
	(No symbol) [0x008605FC]
	(No symbol) [0x00865968]
	(No symbol) [0x00865A55]
	(No symbol) [0x0087051B]
	BaseThreadInitThunk [0x767E00F9+25]
	RtlGetAppContainerNamedObjectPath [0x76EF7BBE+286]
	RtlGetAppContainerNamedObjectPath [0x76EF7B8E+238]
</msg>
<status status="FAIL" starttime="20230106 14:48:43.526" endtime="20230106 14:48:44.634"/>
</kw>
<status status="FAIL" starttime="20230106 14:48:43.526" endtime="20230106 14:48:44.634"/>
</kw>
<kw name="verify error message is correct">
<status status="NOT RUN" starttime="20230106 14:48:44.635" endtime="20230106 14:48:44.635"/>
</kw>
<status status="FAIL" starttime="20230106 14:48:41.715" endtime="20230106 14:48:44.635"/>
</kw>
<kw name="Close Browser" library="SeleniumLibrary" type="TEARDOWN">
<doc>Closes the current browser.</doc>
<status status="PASS" starttime="20230106 14:48:44.635" endtime="20230106 14:48:46.675"/>
</kw>
<status status="FAIL" starttime="20230106 14:48:41.713" endtime="20230106 14:48:46.676">NoSuchWindowException: Message: no such window: target window already closed
from unknown error: web view not found
  (Session info: chrome=108.0.5359.125)
Stacktrace:
Backtrace:
	(No symbol) [0x008CF243]
	(No symbol) [0x00857FD1]
	(No symbol) [0x0074D04D]
	(No symbol) [0x00732D7A]
	(No symbol) [0x0079BE7B]
	(No symbol) [0x007AC196]
	(No symbol) [0x00798386]
	(No symbol) [0x0077163C]
	(No symbol) [0x0077269D]
	GetHandleVerifier [0x00B69A22+2655074]
	GetHandleVerifier [0x00B5CA24+2601828]
	GetHandleVerifier [0x00978C0A+619850]
	GetHandleVerifier [0x00977830+614768]
	(No symbol) [0x008605FC]
	(No symbol) [0x00865968]
	(No symbol) [0x00865A55]
	(No symbol) [0x0087051B]
	BaseThreadInitThunk [0x767E00F9+25]
	RtlGetAppContainerNamedObjectPath [0x76EF7BBE+286]
	RtlGetAppContainerNamedObjectPath [0x76EF7B8E+238]
</status>
</test>
<test id="s1-t4" name="Login with user 1234 and password  4242" line="13">
<kw name="Validate UnSuccesful Login">
<arg>1234</arg>
<arg> 4242</arg>
<kw name="open the browser with the Mortgage payment url">
<kw name="Create Webdriver" library="SeleniumLibrary">
<arg>Chrome</arg>
<arg>executable_path=/Users/rahulshetty/Documents/chromedriver</arg>
<doc>Creates an instance of Selenium WebDriver.</doc>
<msg timestamp="20230106 14:48:46.681" level="INFO">Creating an instance of the Chrome WebDriver.</msg>
<status status="PASS" starttime="20230106 14:48:46.680" endtime="20230106 14:48:47.858"/>
</kw>
<kw name="Go To" library="SeleniumLibrary">
<arg>https://rahulshettyacademy.com/loginpagePractise/</arg>
<doc>Navigates the current browser window to the provided ``url``.</doc>
<msg timestamp="20230106 14:48:47.859" level="INFO">Opening url 'https://rahulshettyacademy.com/loginpagePractise/'</msg>
<status status="PASS" starttime="20230106 14:48:47.859" endtime="20230106 14:48:48.275"/>
</kw>
<status status="PASS" starttime="20230106 14:48:46.679" endtime="20230106 14:48:48.275"/>
</kw>
<kw name="Fill the login Form">
<arg>${username}</arg>
<arg>${password}</arg>
<kw name="Input Text" library="SeleniumLibrary">
<arg>id:username</arg>
<arg>${username}</arg>
<doc>Types the given ``text`` into the text field identified by ``locator``.</doc>
<msg timestamp="20230106 14:48:48.276" level="INFO">Typing text '1234' into text field 'id:username'.</msg>
<status status="PASS" starttime="20230106 14:48:48.276" endtime="20230106 14:48:48.366"/>
</kw>
<kw name="Input Password" library="SeleniumLibrary">
<arg>id:password</arg>
<arg>${password}</arg>
<doc>Types the given password into the text field identified by ``locator``.</doc>
<msg timestamp="20230106 14:48:48.367" level="INFO">Typing password into text field 'id:password'.</msg>
<msg timestamp="20230106 14:48:48.406" level="INFO">Temporally setting log level to: NONE</msg>
<msg timestamp="20230106 14:48:48.442" level="INFO">Log level changed from NONE to INFO.</msg>
<status status="PASS" starttime="20230106 14:48:48.366" endtime="20230106 14:48:48.442"/>
</kw>
<kw name="Click Button" library="SeleniumLibrary">
<arg>signInBtn</arg>
<doc>Clicks the button identified by ``locator``.</doc>
<msg timestamp="20230106 14:48:48.442" level="INFO">Clicking button 'signInBtn'.</msg>
<status status="PASS" starttime="20230106 14:48:48.442" endtime="20230106 14:48:48.491"/>
</kw>
<status status="PASS" starttime="20230106 14:48:48.275" endtime="20230106 14:48:48.492"/>
</kw>
<kw name="wait until it checks and display error message">
<kw name="Wait Until Element Is Visible" library="SeleniumLibrary">
<arg>${Error_Message_Login}</arg>
<doc>Waits until the element ``locator`` is visible.</doc>
<msg timestamp="20230106 14:48:48.940" level="WARN">Keyword 'Capture Page Screenshot' could not be run on failure: Message: no such window: target window already closed
from unknown error: web view not found
  (Session info: chrome=108.0.5359.125)
Stacktrace:
Backtrace:
	(No symbol) [0x008CF243]
	(No symbol) [0x00857FD1]
	(No symbol) [0x0074D04D]
	(No symbol) [0x00732D7A]
	(No symbol) [0x0079BE7B]
	(No symbol) [0x007AC196]
	(No symbol) [0x00798386]
	(No symbol) [0x0077163C]
	(No symbol) [0x0077269D]
	GetHandleVerifier [0x00B69A22+2655074]
	GetHandleVerifier [0x00B5CA24+2601828]
	GetHandleVerifier [0x00978C0A+619850]
	GetHandleVerifier [0x00977830+614768]
	(No symbol) [0x008605FC]
	(No symbol) [0x00865968]
	(No symbol) [0x00865A55]
	(No symbol) [0x0087051B]
	BaseThreadInitThunk [0x767E00F9+25]
	RtlGetAppContainerNamedObjectPath [0x76EF7BBE+286]
	RtlGetAppContainerNamedObjectPath [0x76EF7B8E+238]
</msg>
<msg timestamp="20230106 14:48:48.942" level="FAIL">NoSuchWindowException: Message: no such window: target window already closed
from unknown error: web view not found
  (Session info: chrome=108.0.5359.125)
Stacktrace:
Backtrace:
	(No symbol) [0x008CF243]
	(No symbol) [0x00857FD1]
	(No symbol) [0x0074D04D]
	(No symbol) [0x00732D7A]
	(No symbol) [0x0079BE7B]
	(No symbol) [0x007AC196]
	(No symbol) [0x00798386]
	(No symbol) [0x0077163C]
	(No symbol) [0x0077269D]
	GetHandleVerifier [0x00B69A22+2655074]
	GetHandleVerifier [0x00B5CA24+2601828]
	GetHandleVerifier [0x00978C0A+619850]
	GetHandleVerifier [0x00977830+614768]
	(No symbol) [0x008605FC]
	(No symbol) [0x00865968]
	(No symbol) [0x00865A55]
	(No symbol) [0x0087051B]
	BaseThreadInitThunk [0x767E00F9+25]
	RtlGetAppContainerNamedObjectPath [0x76EF7BBE+286]
	RtlGetAppContainerNamedObjectPath [0x76EF7B8E+238]
</msg>
<status status="FAIL" starttime="20230106 14:48:48.492" endtime="20230106 14:48:48.944"/>
</kw>
<status status="FAIL" starttime="20230106 14:48:48.492" endtime="20230106 14:48:48.944"/>
</kw>
<kw name="verify error message is correct">
<status status="NOT RUN" starttime="20230106 14:48:48.944" endtime="20230106 14:48:48.944"/>
</kw>
<status status="FAIL" starttime="20230106 14:48:46.679" endtime="20230106 14:48:48.945"/>
</kw>
<kw name="Close Browser" library="SeleniumLibrary" type="TEARDOWN">
<doc>Closes the current browser.</doc>
<status status="PASS" starttime="20230106 14:48:48.945" endtime="20230106 14:48:51.016"/>
</kw>
<status status="FAIL" starttime="20230106 14:48:46.676" endtime="20230106 14:48:51.017">NoSuchWindowException: Message: no such window: target window already closed
from unknown error: web view not found
  (Session info: chrome=108.0.5359.125)
Stacktrace:
Backtrace:
	(No symbol) [0x008CF243]
	(No symbol) [0x00857FD1]
	(No symbol) [0x0074D04D]
	(No symbol) [0x00732D7A]
	(No symbol) [0x0079BE7B]
	(No symbol) [0x007AC196]
	(No symbol) [0x00798386]
	(No symbol) [0x0077163C]
	(No symbol) [0x0077269D]
	GetHandleVerifier [0x00B69A22+2655074]
	GetHandleVerifier [0x00B5CA24+2601828]
	GetHandleVerifier [0x00978C0A+619850]
	GetHandleVerifier [0x00977830+614768]
	(No symbol) [0x008605FC]
	(No symbol) [0x00865968]
	(No symbol) [0x00865A55]
	(No symbol) [0x0087051B]
	BaseThreadInitThunk [0x767E00F9+25]
	RtlGetAppContainerNamedObjectPath [0x76EF7BBE+286]
	RtlGetAppContainerNamedObjectPath [0x76EF7B8E+238]
</status>
</test>
<doc>To validate the Login form</doc>
<status status="FAIL" starttime="20230106 14:48:28.172" endtime="20230106 14:48:51.019"/>
</suite>
<statistics>
<total>
<stat pass="2" fail="2" skip="0">All Tests</stat>
</total>
<tag>
</tag>
<suite>
<stat pass="2" fail="2" skip="0" id="s1" name="Test-05">Test-05</stat>
</suite>
</statistics>
<errors>
<msg timestamp="20230106 14:48:44.631" level="WARN">Keyword 'Capture Page Screenshot' could not be run on failure: Message: no such window: target window already closed
from unknown error: web view not found
  (Session info: chrome=108.0.5359.125)
Stacktrace:
Backtrace:
	(No symbol) [0x008CF243]
	(No symbol) [0x00857FD1]
	(No symbol) [0x0074D04D]
	(No symbol) [0x00732D7A]
	(No symbol) [0x0079BE7B]
	(No symbol) [0x007AC196]
	(No symbol) [0x00798386]
	(No symbol) [0x0077163C]
	(No symbol) [0x0077269D]
	GetHandleVerifier [0x00B69A22+2655074]
	GetHandleVerifier [0x00B5CA24+2601828]
	GetHandleVerifier [0x00978C0A+619850]
	GetHandleVerifier [0x00977830+614768]
	(No symbol) [0x008605FC]
	(No symbol) [0x00865968]
	(No symbol) [0x00865A55]
	(No symbol) [0x0087051B]
	BaseThreadInitThunk [0x767E00F9+25]
	RtlGetAppContainerNamedObjectPath [0x76EF7BBE+286]
	RtlGetAppContainerNamedObjectPath [0x76EF7B8E+238]
</msg>
<msg timestamp="20230106 14:48:48.940" level="WARN">Keyword 'Capture Page Screenshot' could not be run on failure: Message: no such window: target window already closed
from unknown error: web view not found
  (Session info: chrome=108.0.5359.125)
Stacktrace:
Backtrace:
	(No symbol) [0x008CF243]
	(No symbol) [0x00857FD1]
	(No symbol) [0x0074D04D]
	(No symbol) [0x00732D7A]
	(No symbol) [0x0079BE7B]
	(No symbol) [0x007AC196]
	(No symbol) [0x00798386]
	(No symbol) [0x0077163C]
	(No symbol) [0x0077269D]
	GetHandleVerifier [0x00B69A22+2655074]
	GetHandleVerifier [0x00B5CA24+2601828]
	GetHandleVerifier [0x00978C0A+619850]
	GetHandleVerifier [0x00977830+614768]
	(No symbol) [0x008605FC]
	(No symbol) [0x00865968]
	(No symbol) [0x00865A55]
	(No symbol) [0x0087051B]
	BaseThreadInitThunk [0x767E00F9+25]
	RtlGetAppContainerNamedObjectPath [0x76EF7BBE+286]
	RtlGetAppContainerNamedObjectPath [0x76EF7B8E+238]
</msg>
</errors>
</robot>
